::1 - - [09/Dec/2019:01:45:08 -0600] "GET / HTTP/1.1" 200 1958
::1 - - [09/Dec/2019:01:45:11 -0600] "GET /phpmyadmin/ HTTP/1.1" 200 3419
::1 - - [09/Dec/2019:01:45:16 -0600] "POST /phpmyadmin/index.php HTTP/1.1" 302 25
::1 - - [09/Dec/2019:01:45:16 -0600] "GET /phpmyadmin/index.php HTTP/1.1" 200 13108
::1 - - [09/Dec/2019:01:45:17 -0600] "POST /phpmyadmin/navigation.php?ajax_request=1 HTTP/1.1" 200 1851
::1 - - [09/Dec/2019:01:45:17 -0600] "POST /phpmyadmin/version_check.php HTTP/1.1" 200 64
::1 - - [09/Dec/2019:02:06:04 -0600] "GET / HTTP/1.1" 200 2941
::1 - - [09/Dec/2019:02:06:44 -0600] "GET / HTTP/1.1" 200 2884
::1 - - [09/Dec/2019:02:07:35 -0600] "GET / HTTP/1.1" 200 2988
::1 - - [09/Dec/2019:02:07:49 -0600] "GET /search_active.php?ID=12345678&fname=Alex&Submit= HTTP/1.1" 200 124
::1 - - [09/Dec/2019:02:07:53 -0600] "GET /index.php HTTP/1.1" 200 2988
::1 - - [09/Dec/2019:02:08:45 -0600] "GET /index.php HTTP/1.1" 200 2680
::1 - - [09/Dec/2019:02:09:13 -0600] "POST /phpmyadmin/index.php HTTP/1.1" 200 1349
::1 - - [09/Dec/2019:02:12:22 -0600] "POST /phpmyadmin/index.php HTTP/1.1" 200 1349
::1 - - [09/Dec/2019:02:12:24 -0600] "POST /phpmyadmin/index.php HTTP/1.1" 200 73
::1 - - [09/Dec/2019:02:12:24 -0600] "GET /phpmyadmin/index.php HTTP/1.1" 200 3377
::1 - - [09/Dec/2019:02:12:24 -0600] "GET /phpmyadmin/phpmyadmin.css.php?nocache=4528449218ltr&server=1 HTTP/1.1" 200 20133
::1 - - [09/Dec/2019:02:12:24 -0600] "GET /phpmyadmin/js/get_scripts.js.php?scripts%5B%5D=jquery/jquery.min.js&scripts%5B%5D=jquery/jquery-migrate-3.0.0.js&scripts%5B%5D=sprintf.js&scripts%5B%5D=ajax.js&scripts%5B%5D=keyhandler.js&scripts%5B%5D=jquery/jquery-ui.min.js&scripts%5B%5D=jquery/jquery.cookie.js&scripts%5B%5D=jquery/jquery.mousewheel.js&scripts%5B%5D=jquery/jquery.event.drag-2.2.js&scripts%5B%5D=jquery/jquery-ui-timepicker-addon.js&v=4.7.5 HTTP/1.1" 200 138876
::1 - - [09/Dec/2019:02:12:24 -0600] "GET /phpmyadmin/js/get_scripts.js.php?scripts%5B%5D=jquery/jquery.ba-hashchange-1.3.js&scripts%5B%5D=jquery/jquery.debounce-1.0.5.js&scripts%5B%5D=menu-resizer.js&scripts%5B%5D=cross_framing_protection.js&scripts%5B%5D=rte.js&scripts%5B%5D=tracekit/tracekit.js&scripts%5B%5D=error_report.js&scripts%5B%5D=config.js&scripts%5B%5D=doclinks.js&scripts%5B%5D=functions.js&v=4.7.5 HTTP/1.1" 200 77087
::1 - - [09/Dec/2019:02:12:24 -0600] "GET /phpmyadmin/js/get_scripts.js.php?scripts%5B%5D=navigation.js&scripts%5B%5D=indexes.js&scripts%5B%5D=common.js&scripts%5B%5D=page_settings.js&scripts%5B%5D=shortcuts_handler.js&scripts%5B%5D=codemirror/lib/codemirror.js&scripts%5B%5D=codemirror/mode/sql/sql.js&scripts%5B%5D=codemirror/addon/runmode/runmode.js&scripts%5B%5D=codemirror/addon/hint/show-hint.js&scripts%5B%5D=codemirror/addon/hint/sql-hint.js&v=4.7.5 HTTP/1.1" 200 135447
::1 - - [09/Dec/2019:02:12:25 -0600] "GET /phpmyadmin/js/get_scripts.js.php?scripts%5B%5D=codemirror/addon/lint/lint.js&scripts%5B%5D=codemirror/addon/lint/sql-lint.js&scripts%5B%5D=console.js&v=4.7.5 HTTP/1.1" 200 13176
::1 - - [09/Dec/2019:02:12:25 -0600] "GET /phpmyadmin/js/whitelist.php?v=4.7.5 HTTP/1.1" 200 475
::1 - - [09/Dec/2019:02:12:25 -0600] "GET /phpmyadmin/js/get_image.js.php?theme=pmahomme&v=4.7.5 HTTP/1.1" 200 1841
::1 - - [09/Dec/2019:02:12:25 -0600] "GET /phpmyadmin/js/messages.php?l=en&v=4.7.5 HTTP/1.1" 200 8692
::1 - - [09/Dec/2019:02:12:43 -0600] "GET /index.php HTTP/1.1" 200 3299
::1 - - [09/Dec/2019:02:12:44 -0600] "GET /fraternity_info.php?button1id= HTTP/1.1" 200 87
::1 - - [09/Dec/2019:02:12:45 -0600] "GET /fraternity_info.php?Actives= HTTP/1.1" 200 87
::1 - - [09/Dec/2019:02:12:48 -0600] "GET /fraternity_info.php?button1id= HTTP/1.1" 200 87
::1 - - [09/Dec/2019:02:12:49 -0600] "GET /fraternity_info.php?Actives= HTTP/1.1" 200 87
::1 - - [09/Dec/2019:02:13:06 -0600] "GET /index.php HTTP/1.1" 200 3298
::1 - - [09/Dec/2019:02:13:07 -0600] "GET /fraternity_info.php?Actives= HTTP/1.1" 200 87
::1 - - [09/Dec/2019:02:13:08 -0600] "GET /fraternity_info.php?button1id= HTTP/1.1" 200 87
::1 - - [09/Dec/2019:02:14:59 -0600] "GET /index.php HTTP/1.1" 200 3626
::1 - - [09/Dec/2019:02:15:05 -0600] "GET /fraternity_info.php?Fraternity_information= HTTP/1.1" 200 87
::1 - - [09/Dec/2019:02:15:06 -0600] "GET /active_info.php?Acitves= HTTP/1.1" 200 737
::1 - - [09/Dec/2019:02:15:44 -0600] "GET /index.php HTTP/1.1" 200 3639
::1 - - [09/Dec/2019:02:15:59 -0600] "GET /index.php HTTP/1.1" 200 3450
::1 - - [09/Dec/2019:02:22:40 -0600] "GET /index.php HTTP/1.1" 200 6409
::1 - - [09/Dec/2019:02:22:54 -0600] "GET /active_info.php?Acitves= HTTP/1.1" 200 737
::1 - - [09/Dec/2019:02:23:35 -0600] "GET /add_active.php?ID=00001111&fname=Sam&lname=Weik&major=Computer+Science&gpa=3.0&psem=F2K19&room=10&cclass=CS+1570&pos=None&Submit= HTTP/1.1" 200 986
::1 - - [09/Dec/2019:02:23:40 -0600] "GET /index.php HTTP/1.1" 200 6409
::1 - - [09/Dec/2019:02:23:40 -0600] "GET /active_info.php?Acitves= HTTP/1.1" 200 888
::1 - - [09/Dec/2019:02:24:35 -0600] "-" 408 -
::1 - - [09/Dec/2019:02:25:50 -0600] "GET /index.php HTTP/1.1" 200 6504
::1 - - [09/Dec/2019:02:26:12 -0600] "GET /remove_active.php?SID=00001111&fname=Sam&lname=Weik&Submit= HTTP/1.1" 200 835
::1 - - [09/Dec/2019:02:26:16 -0600] "GET /index.php HTTP/1.1" 200 6507
::1 - - [09/Dec/2019:02:26:16 -0600] "GET /active_info.php?Acitves= HTTP/1.1" 200 737
::1 - - [09/Dec/2019:02:27:53 -0600] "GET /index.php HTTP/1.1" 200 6723
::1 - - [09/Dec/2019:02:27:54 -0600] "GET /index.php HTTP/1.1" 200 6723
::1 - - [09/Dec/2019:02:27:55 -0600] "GET /index.php HTTP/1.1" 200 6723
::1 - - [09/Dec/2019:02:28:25 -0600] "GET /index.php HTTP/1.1" 200 6716
::1 - - [09/Dec/2019:02:29:53 -0600] "GET /index.php HTTP/1.1" 200 6994
::1 - - [09/Dec/2019:02:30:20 -0600] "GET /index.php HTTP/1.1" 200 6987
::1 - - [09/Dec/2019:02:31:11 -0600] "GET /index.php HTTP/1.1" 200 7033
::1 - - [09/Dec/2019:02:31:51 -0600] "GET /index.php HTTP/1.1" 200 7033
::1 - - [09/Dec/2019:02:36:05 -0600] "GET /index.php HTTP/1.1" 200 6507
::1 - - [09/Dec/2019:02:47:33 -0600] "GET /index.php HTTP/1.1" 200 6599
::1 - - [09/Dec/2019:02:47:42 -0600] "GET /search_active.php?ID=00001111&fname=Sam&Submit= HTTP/1.1" 500 -
::1 - - [09/Dec/2019:02:47:55 -0600] "GET /search_active.php?ID=12345678&fname=Alex&Submit= HTTP/1.1" 500 -
::1 - - [09/Dec/2019:02:48:17 -0600] "GET /search_active.php?ID=12345678&fname=Alex&Submit= HTTP/1.1" 200 92
::1 - - [09/Dec/2019:02:48:19 -0600] "GET /index.php HTTP/1.1" 200 6599
::1 - - [09/Dec/2019:02:48:20 -0600] "GET /active_info.php?Acitves= HTTP/1.1" 200 737
::1 - - [09/Dec/2019:02:52:09 -0600] "GET /index.php HTTP/1.1" 200 6599
::1 - - [09/Dec/2019:02:52:20 -0600] "GET /search_active.php?ID=00001111&fname=Alex&Submit= HTTP/1.1" 200 47
::1 - - [09/Dec/2019:02:52:23 -0600] "GET /index.php HTTP/1.1" 200 6599
::1 - - [09/Dec/2019:02:52:50 -0600] "GET /active_info.php?Acitves= HTTP/1.1" 200 737
::1 - - [09/Dec/2019:02:53:02 -0600] "GET /active_info.php?Acitves= HTTP/1.1" 200 737
::1 - - [09/Dec/2019:02:53:08 -0600] "GET /active_info.php?Acitves= HTTP/1.1" 200 737
::1 - - [09/Dec/2019:02:54:08 -0600] "-" 408 -
::1 - - [09/Dec/2019:02:59:31 -0600] "GET /active_info.php?Acitves= HTTP/1.1" 200 1138
::1 - - [09/Dec/2019:02:59:31 -0600] "GET /resources/demos/style.css HTTP/1.1" 404 223
::1 - - [09/Dec/2019:02:59:33 -0600] "GET /fraternity_info.php?Fraternity_information= HTTP/1.1" 200 87
::1 - - [09/Dec/2019:02:59:35 -0600] "GET /active_info.php?Acitves= HTTP/1.1" 200 1138
::1 - - [09/Dec/2019:02:59:35 -0600] "GET /resources/demos/style.css HTTP/1.1" 404 223
::1 - - [09/Dec/2019:02:59:47 -0600] "GET /index.php HTTP/1.1" 200 6599
::1 - - [09/Dec/2019:03:01:18 -0600] "GET /index.php HTTP/1.1" 200 6599
::1 - - [09/Dec/2019:03:01:21 -0600] "GET /search_active.php?ID=00001111&fname=Alex&Submit= HTTP/1.1" 200 482
::1 - - [09/Dec/2019:03:01:21 -0600] "GET /resources/demos/style.css HTTP/1.1" 404 223
::1 - - [09/Dec/2019:03:01:34 -0600] "GET /active_info.php?Acitves= HTTP/1.1" 200 743
::1 - - [09/Dec/2019:03:02:05 -0600] "GET /active_info.php?Acitves= HTTP/1.1" 200 739
::1 - - [09/Dec/2019:03:02:15 -0600] "GET /active_info.php?Acitves= HTTP/1.1" 200 739
::1 - - [09/Dec/2019:03:02:25 -0600] "GET /active_info.php?Acitves= HTTP/1.1" 200 739
::1 - - [09/Dec/2019:03:02:48 -0600] "GET /active_info.php?Acitves= HTTP/1.1" 200 743
::1 - - [09/Dec/2019:03:02:55 -0600] "GET /active_info.php?Acitves= HTTP/1.1" 200 743
::1 - - [09/Dec/2019:03:03:12 -0600] "GET /active_info.php?Acitves= HTTP/1.1" 200 747
::1 - - [09/Dec/2019:03:03:30 -0600] "GET /active_info.php?Acitves= HTTP/1.1" 200 743
::1 - - [09/Dec/2019:03:03:44 -0600] "GET /active_info.php?Acitves= HTTP/1.1" 200 743
::1 - - [09/Dec/2019:03:03:46 -0600] "GET /active_info.php?Acitves= HTTP/1.1" 200 743
::1 - - [09/Dec/2019:03:03:50 -0600] "GET /active_info.php?Acitves= HTTP/1.1" 200 743
::1 - - [09/Dec/2019:03:04:59 -0600] "GET /search_active.php?ID=00001111&fname=Alex&Submit= HTTP/1.1" 200 482
::1 - - [09/Dec/2019:03:04:59 -0600] "GET /resources/demos/style.css HTTP/1.1" 404 223
::1 - - [09/Dec/2019:03:05:00 -0600] "GET /index.php HTTP/1.1" 200 6599
::1 - - [09/Dec/2019:03:05:10 -0600] "GET /index.php HTTP/1.1" 200 6599
::1 - - [09/Dec/2019:03:05:14 -0600] "GET /search_active.php?ID=00001111&fname=Alex&Submit= HTTP/1.1" 200 482
::1 - - [09/Dec/2019:03:05:14 -0600] "GET /resources/demos/style.css HTTP/1.1" 404 223
::1 - - [09/Dec/2019:03:05:15 -0600] "GET /index.php HTTP/1.1" 200 6599
::1 - - [09/Dec/2019:03:05:30 -0600] "GET /index.php HTTP/1.1" 200 6599
::1 - - [09/Dec/2019:03:05:35 -0600] "GET /search_active.php?ID=00001111&fname=Alex&Submit= HTTP/1.1" 200 482
::1 - - [09/Dec/2019:03:05:35 -0600] "GET /resources/demos/style.css HTTP/1.1" 404 223
::1 - - [09/Dec/2019:03:06:23 -0600] "GET /search_active.php?ID=00001111&fname=Alex&Submit= HTTP/1.1" 500 -
::1 - - [09/Dec/2019:03:06:50 -0600] "GET /search_active.php?ID=00001111&fname=Alex&Submit= HTTP/1.1" 200 519
::1 - - [09/Dec/2019:03:06:50 -0600] "GET /resources/demos/style.css HTTP/1.1" 404 223
::1 - - [09/Dec/2019:03:07:36 -0600] "GET /search_active.php?ID=00001111&fname=Alex&Submit= HTTP/1.1" 200 483
::1 - - [09/Dec/2019:03:07:36 -0600] "GET /resources/demos/style.css HTTP/1.1" 404 223
::1 - - [09/Dec/2019:03:07:37 -0600] "GET /search_active.php?ID=00001111&fname=Alex&Submit= HTTP/1.1" 200 483
::1 - - [09/Dec/2019:03:07:37 -0600] "GET /resources/demos/style.css HTTP/1.1" 404 223
::1 - - [09/Dec/2019:03:07:37 -0600] "GET /search_active.php?ID=00001111&fname=Alex&Submit= HTTP/1.1" 200 483
::1 - - [09/Dec/2019:03:07:37 -0600] "GET /resources/demos/style.css HTTP/1.1" 404 223
::1 - - [09/Dec/2019:03:08:35 -0600] "GET /search_active.php?ID=00001111&fname=Alex&Submit= HTTP/1.1" 200 483
::1 - - [09/Dec/2019:03:08:35 -0600] "GET /resources/demos/style.css HTTP/1.1" 404 223
::1 - - [09/Dec/2019:03:08:35 -0600] "GET /search_active.php?ID=00001111&fname=Alex&Submit= HTTP/1.1" 200 483
::1 - - [09/Dec/2019:03:08:35 -0600] "GET /resources/demos/style.css HTTP/1.1" 404 223
::1 - - [09/Dec/2019:03:08:36 -0600] "GET /search_active.php?ID=00001111&fname=Alex&Submit= HTTP/1.1" 200 483
::1 - - [09/Dec/2019:03:08:36 -0600] "GET /resources/demos/style.css HTTP/1.1" 404 223
::1 - - [09/Dec/2019:03:09:53 -0600] "GET /search_active.php?ID=00001111&fname=Alex&Submit= HTTP/1.1" 200 47
::1 - - [09/Dec/2019:03:09:54 -0600] "GET /search_active.php?ID=00001111&fname=Alex&Submit= HTTP/1.1" 200 47
::1 - - [09/Dec/2019:03:09:54 -0600] "GET /search_active.php?ID=00001111&fname=Alex&Submit= HTTP/1.1" 200 47
::1 - - [09/Dec/2019:03:09:56 -0600] "GET /index.php HTTP/1.1" 200 6599
::1 - - [09/Dec/2019:03:10:12 -0600] "GET /search_active.php?ID=12345678&fname=Alex&Submit= HTTP/1.1" 200 92
::1 - - [09/Dec/2019:03:11:36 -0600] "GET /search_active.php?ID=12345678&fname=Alex&Submit= HTTP/1.1" 500 -
::1 - - [09/Dec/2019:03:11:37 -0600] "GET /search_active.php?ID=12345678&fname=Alex&Submit= HTTP/1.1" 500 -
::1 - - [09/Dec/2019:03:11:51 -0600] "GET /search_active.php?ID=12345678&fname=Alex&Submit= HTTP/1.1" 200 483
::1 - - [09/Dec/2019:03:11:51 -0600] "GET /resources/demos/style.css HTTP/1.1" 404 223
::1 - - [09/Dec/2019:03:11:56 -0600] "GET /search_active.php?ID=12345678&fname=Alex&Submit= HTTP/1.1" 200 528
::1 - - [09/Dec/2019:03:11:56 -0600] "GET /resources/demos/style.css HTTP/1.1" 404 223
::1 - - [09/Dec/2019:03:12:13 -0600] "GET /search_active.php?ID=12345678&fname=Alex&Submit= HTTP/1.1" 500 -
::1 - - [09/Dec/2019:03:13:01 -0600] "GET /search_active.php?ID=12345678&fname=Alex&Submit= HTTP/1.1" 200 496
::1 - - [09/Dec/2019:03:13:01 -0600] "GET /resources/demos/style.css HTTP/1.1" 404 223
::1 - - [09/Dec/2019:03:13:20 -0600] "GET /search_active.php?ID=12345678&fname=Alex&Submit= HTTP/1.1" 500 -
::1 - - [09/Dec/2019:03:13:33 -0600] "GET /search_active.php?ID=12345678&fname=Alex&Submit= HTTP/1.1" 200 502
::1 - - [09/Dec/2019:03:13:33 -0600] "GET /resources/demos/style.css HTTP/1.1" 404 223
::1 - - [09/Dec/2019:03:15:26 -0600] "GET /search_active.php?ID=12345678&fname=Alex&Submit= HTTP/1.1" 200 547
::1 - - [09/Dec/2019:03:15:26 -0600] "GET /resources/demos/style.css HTTP/1.1" 404 223
::1 - - [09/Dec/2019:03:16:26 -0600] "-" 408 -
::1 - - [09/Dec/2019:03:16:55 -0600] "GET /search_active.php?ID=12345678&fname=Alex&Submit= HTTP/1.1" 200 582
::1 - - [09/Dec/2019:03:16:55 -0600] "GET /resources/demos/style.css HTTP/1.1" 404 223
::1 - - [09/Dec/2019:03:17:58 -0600] "GET /search_active.php?ID=12345678&fname=Alex&Submit= HTTP/1.1" 200 906
::1 - - [09/Dec/2019:03:17:58 -0600] "GET /resources/demos/style.css HTTP/1.1" 404 223
::1 - - [09/Dec/2019:03:18:08 -0600] "GET /search_active.php?ID=12345678&fname=Alex&Submit= HTTP/1.1" 200 905
::1 - - [09/Dec/2019:03:18:08 -0600] "GET /resources/demos/style.css HTTP/1.1" 404 223
::1 - - [09/Dec/2019:03:19:25 -0600] "GET /search_active.php?ID=12345678&fname=Alex&Submit= HTTP/1.1" 200 1102
::1 - - [09/Dec/2019:03:19:25 -0600] "GET /resources/demos/style.css HTTP/1.1" 404 223
::1 - - [09/Dec/2019:03:23:58 -0600] "GET /search_active.php?ID=12345678&fname=Alex&Submit= HTTP/1.1" 200 1957
::1 - - [09/Dec/2019:03:23:58 -0600] "GET /resources/demos/style.css HTTP/1.1" 404 223
::1 - - [09/Dec/2019:03:24:23 -0600] "GET /search_active.php?ID=12345678&fname=Alex&Submit= HTTP/1.1" 200 1413
::1 - - [09/Dec/2019:03:24:23 -0600] "GET /resources/demos/style.css HTTP/1.1" 404 223
::1 - - [09/Dec/2019:03:24:49 -0600] "GET /index.php HTTP/1.1" 200 6855
::1 - - [09/Dec/2019:03:24:52 -0600] "GET /index.php HTTP/1.1" 200 6855
::1 - - [09/Dec/2019:03:24:54 -0600] "GET /search_active.php?ID=&fname=Alex&lname=&Submit= HTTP/1.1" 500 426
::1 - - [09/Dec/2019:03:24:54 -0600] "GET /resources/demos/style.css HTTP/1.1" 404 223
::1 - - [09/Dec/2019:03:25:20 -0600] "GET /search_active.php?ID=12345678&fname=Alex&lname=&Submit= HTTP/1.1" 200 1413
::1 - - [09/Dec/2019:03:25:20 -0600] "GET /resources/demos/style.css HTTP/1.1" 404 223
::1 - - [09/Dec/2019:03:30:00 -0600] "GET /search_active.php?ID=12345678&fname=Alex&lname=&Submit= HTTP/1.1" 200 1957
::1 - - [09/Dec/2019:03:30:00 -0600] "GET /resources/demos/style.css HTTP/1.1" 404 223
::1 - - [09/Dec/2019:03:30:05 -0600] "GET /search_active.php?ID=12345678&fname=Alex&lname=Fischer&Submit= HTTP/1.1" 200 1413
::1 - - [09/Dec/2019:03:30:05 -0600] "GET /resources/demos/style.css HTTP/1.1" 404 223
::1 - - [09/Dec/2019:03:30:43 -0600] "GET /search_active.php?ID=12345678&fname=Alex&lname=Fischer&Submit= HTTP/1.1" 200 1102
::1 - - [09/Dec/2019:03:30:43 -0600] "GET /resources/demos/style.css HTTP/1.1" 404 223
::1 - - [09/Dec/2019:03:30:49 -0600] "GET /search_active.php?ID=&fname=Alex&lname=Fischer&Submit= HTTP/1.1" 500 426
::1 - - [09/Dec/2019:03:30:49 -0600] "GET /resources/demos/style.css HTTP/1.1" 404 223
::1 - - [09/Dec/2019:03:46:15 -0600] "GET /search_active.php?ID=&fname=Alex&lname=Fischer&Submit= HTTP/1.1" 500 426
::1 - - [09/Dec/2019:03:46:15 -0600] "GET /resources/demos/style.css HTTP/1.1" 404 223
::1 - - [09/Dec/2019:03:46:16 -0600] "GET /search_active.php?ID=&fname=Alex&lname=Fischer&Submit= HTTP/1.1" 500 426
::1 - - [09/Dec/2019:03:46:16 -0600] "GET /resources/demos/style.css HTTP/1.1" 404 223
::1 - - [09/Dec/2019:03:46:49 -0600] "GET /search_active.php?ID=&fname=Alex&lname=Fischer&Submit= HTTP/1.1" 500 -
::1 - - [09/Dec/2019:03:47:50 -0600] "GET /search_active.php?ID=&fname=Alex&lname=Fischer&Submit= HTTP/1.1" 500 426
::1 - - [09/Dec/2019:03:47:50 -0600] "GET /resources/demos/style.css HTTP/1.1" 404 223
::1 - - [09/Dec/2019:03:48:27 -0600] "GET /index.php HTTP/1.1" 200 6577
::1 - - [09/Dec/2019:03:48:31 -0600] "GET /search_active.php?ID=&fname=Alex&Submit= HTTP/1.1" 500 426
::1 - - [09/Dec/2019:03:48:31 -0600] "GET /resources/demos/style.css HTTP/1.1" 404 223
::1 - - [09/Dec/2019:03:49:18 -0600] "GET /search_active.php?ID=12345678&fname=Alex&Submit= HTTP/1.1" 200 937
::1 - - [09/Dec/2019:03:49:18 -0600] "GET /resources/demos/style.css HTTP/1.1" 404 223
::1 - - [09/Dec/2019:03:49:26 -0600] "GET /search_active.php?ID=&fname=Alex&Submit= HTTP/1.1" 500 426
::1 - - [09/Dec/2019:03:49:26 -0600] "GET /resources/demos/style.css HTTP/1.1" 404 223
::1 - - [09/Dec/2019:03:52:49 -0600] "GET /search_active.php?ID=&fname=Alex&Submit= HTTP/1.1" 500 426
::1 - - [09/Dec/2019:03:52:49 -0600] "GET /resources/demos/style.css HTTP/1.1" 404 223
::1 - - [09/Dec/2019:03:53:07 -0600] "GET /search_active.php?ID=&fname=Alex&Submit= HTTP/1.1" 200 937
::1 - - [09/Dec/2019:03:53:07 -0600] "GET /resources/demos/style.css HTTP/1.1" 404 223
::1 - - [09/Dec/2019:03:56:29 -0600] "GET /search_active.php?ID=&fname=Alex&Submit= HTTP/1.1" 200 939
::1 - - [09/Dec/2019:03:56:29 -0600] "GET /resources/demos/style.css HTTP/1.1" 404 223
::1 - - [09/Dec/2019:03:57:24 -0600] "GET /search_active.php?ID=&fname=Alex&Submit= HTTP/1.1" 200 1427
::1 - - [09/Dec/2019:03:57:24 -0600] "GET /resources/demos/style.css HTTP/1.1" 404 223
::1 - - [09/Dec/2019:03:57:52 -0600] "GET /search_active.php?ID=&fname=Alex&Submit= HTTP/1.1" 200 1031
::1 - - [09/Dec/2019:03:57:52 -0600] "GET /resources/demos/style.css HTTP/1.1" 404 223
::1 - - [09/Dec/2019:03:58:16 -0600] "GET /search_active.php?ID=&fname=Alex&Submit= HTTP/1.1" 200 1295
::1 - - [09/Dec/2019:03:58:16 -0600] "GET /resources/demos/style.css HTTP/1.1" 404 223
::1 - - [09/Dec/2019:03:58:56 -0600] "GET /search_active.php?ID=&fname=A&Submit= HTTP/1.1" 200 1721
::1 - - [09/Dec/2019:03:58:56 -0600] "GET /resources/demos/style.css HTTP/1.1" 404 223
::1 - - [09/Dec/2019:03:59:30 -0600] "GET /add_active.php?ID=00001111&fname=Sam&lname=Weik&major=Comp+Sci&gpa=4.0&psem=F2K19&room=1&cclass=CS1570&pos=None&Submit= HTTP/1.1" 200 982
::1 - - [09/Dec/2019:03:59:34 -0600] "GET /index.php HTTP/1.1" 200 6589
::1 - - [09/Dec/2019:03:59:36 -0600] "GET /search_active.php?ID=&fname=A&Submit= HTTP/1.1" 200 1908
::1 - - [09/Dec/2019:03:59:36 -0600] "GET /resources/demos/style.css HTTP/1.1" 404 223
::1 - - [09/Dec/2019:03:59:39 -0600] "GET /index.php HTTP/1.1" 200 6589
::1 - - [09/Dec/2019:03:59:50 -0600] "GET /search_active.php?ID=&fname=m&Submit= HTTP/1.1" 200 1413
::1 - - [09/Dec/2019:03:59:50 -0600] "GET /resources/demos/style.css HTTP/1.1" 404 223
::1 - - [09/Dec/2019:03:59:58 -0600] "GET /index.php HTTP/1.1" 200 6589
::1 - - [09/Dec/2019:04:02:03 -0600] "GET /index.php HTTP/1.1" 200 6589
::1 - - [09/Dec/2019:04:02:06 -0600] "GET /active_info.php?Acitves= HTTP/1.1" 200 884
::1 - - [09/Dec/2019:04:02:10 -0600] "GET /search_active.php?ID=&fname=A&Submit= HTTP/1.1" 200 2005
::1 - - [09/Dec/2019:04:02:10 -0600] "GET /resources/demos/style.css HTTP/1.1" 404 223
::1 - - [09/Dec/2019:04:02:11 -0600] "GET /index.php? HTTP/1.1" 200 6589
::1 - - [09/Dec/2019:04:02:16 -0600] "GET /search_active.php?ID=&fname=a&Submit= HTTP/1.1" 200 2005
::1 - - [09/Dec/2019:04:02:16 -0600] "GET /resources/demos/style.css HTTP/1.1" 404 223
::1 - - [09/Dec/2019:04:03:16 -0600] "-" 408 -
::1 - - [09/Dec/2019:04:03:56 -0600] "GET /search_active.php?ID=&fname=a&Submit= HTTP/1.1" 200 2384
::1 - - [09/Dec/2019:04:03:56 -0600] "GET /resources/demos/style.css HTTP/1.1" 404 223
::1 - - [09/Dec/2019:04:04:00 -0600] "GET /index.php?Return+to+main+page= HTTP/1.1" 200 6589
::1 - - [09/Dec/2019:04:04:45 -0600] "GET /search_active.php?ID=&fname=a&Submit= HTTP/1.1" 200 2585
::1 - - [09/Dec/2019:04:04:45 -0600] "GET /resources/demos/style.css HTTP/1.1" 404 223
::1 - - [09/Dec/2019:04:04:45 -0600] "GET /resources/demos/style.css HTTP/1.1" 404 223
::1 - - [09/Dec/2019:04:05:05 -0600] "GET /search_active.php?ID=&fname=a&Submit= HTTP/1.1" 200 2490
::1 - - [09/Dec/2019:04:05:06 -0600] "GET /resources/demos/style.css HTTP/1.1" 404 223
::1 - - [09/Dec/2019:04:05:06 -0600] "GET /resources/demos/style.css HTTP/1.1" 404 223
::1 - - [09/Dec/2019:04:05:15 -0600] "GET /search_active.php?ID=&fname=a&Submit= HTTP/1.1" 200 2490
::1 - - [09/Dec/2019:04:05:15 -0600] "GET /resources/demos/style.css HTTP/1.1" 404 223
::1 - - [09/Dec/2019:04:05:15 -0600] "GET /resources/demos/style.css HTTP/1.1" 404 223
::1 - - [09/Dec/2019:04:05:29 -0600] "GET /search_active.php?ID=&fname=a&Submit= HTTP/1.1" 200 2490
::1 - - [09/Dec/2019:04:05:29 -0600] "GET /resources/demos/style.css HTTP/1.1" 404 223
::1 - - [09/Dec/2019:04:05:29 -0600] "GET /resources/demos/style.css HTTP/1.1" 404 223
::1 - - [09/Dec/2019:04:05:38 -0600] "GET /search_active.php?ID=&fname=a&Submit= HTTP/1.1" 200 2464
::1 - - [09/Dec/2019:04:05:38 -0600] "GET /resources/demos/style.css HTTP/1.1" 404 223
::1 - - [09/Dec/2019:04:05:38 -0600] "GET /resources/demos/style.css HTTP/1.1" 404 223
::1 - - [09/Dec/2019:04:05:51 -0600] "GET /search_active.php?ID=&fname=a&Submit= HTTP/1.1" 200 2464
::1 - - [09/Dec/2019:04:05:51 -0600] "GET /resources/demos/style.css HTTP/1.1" 404 223
::1 - - [09/Dec/2019:04:05:51 -0600] "GET /resources/demos/style.css HTTP/1.1" 404 223
::1 - - [09/Dec/2019:04:05:58 -0600] "GET /search_active.php?ID=&fname=a&Submit= HTTP/1.1" 200 2464
::1 - - [09/Dec/2019:04:05:58 -0600] "GET /resources/demos/style.css HTTP/1.1" 404 223
::1 - - [09/Dec/2019:04:05:58 -0600] "GET /resources/demos/style.css HTTP/1.1" 404 223
::1 - - [09/Dec/2019:04:06:05 -0600] "GET /search_active.php?ID=&fname=a&Submit= HTTP/1.1" 200 2464
::1 - - [09/Dec/2019:04:06:05 -0600] "GET /resources/demos/style.css HTTP/1.1" 404 223
::1 - - [09/Dec/2019:04:06:05 -0600] "GET /resources/demos/style.css HTTP/1.1" 404 223
::1 - - [09/Dec/2019:04:06:05 -0600] "GET /search_active.php?ID=&fname=a&Submit= HTTP/1.1" 200 2464
::1 - - [09/Dec/2019:04:06:05 -0600] "GET /resources/demos/style.css HTTP/1.1" 404 223
::1 - - [09/Dec/2019:04:06:05 -0600] "GET /resources/demos/style.css HTTP/1.1" 404 223
::1 - - [09/Dec/2019:04:06:05 -0600] "GET /search_active.php?ID=&fname=a&Submit= HTTP/1.1" 200 2464
::1 - - [09/Dec/2019:04:06:06 -0600] "GET /resources/demos/style.css HTTP/1.1" 404 223
::1 - - [09/Dec/2019:04:06:10 -0600] "GET /search_active.php?ID=&fname=a&Submit= HTTP/1.1" 200 2464
::1 - - [09/Dec/2019:04:06:10 -0600] "GET /resources/demos/style.css HTTP/1.1" 404 223
::1 - - [09/Dec/2019:04:06:11 -0600] "GET /search_active.php?ID=&fname=a&Submit= HTTP/1.1" 200 2464
::1 - - [09/Dec/2019:04:06:11 -0600] "GET /resources/demos/style.css HTTP/1.1" 404 223
::1 - - [09/Dec/2019:04:06:13 -0600] "GET /search_active.php?ID=&fname=a&Submit= HTTP/1.1" 200 2464
::1 - - [09/Dec/2019:04:06:13 -0600] "GET /resources/demos/style.css HTTP/1.1" 404 223
::1 - - [09/Dec/2019:04:06:19 -0600] "GET /search_active.php?ID=&fname=a&Submit= HTTP/1.1" 200 2464
::1 - - [09/Dec/2019:04:06:19 -0600] "GET /resources/demos/style.css HTTP/1.1" 404 223
::1 - - [09/Dec/2019:04:06:24 -0600] "GET /search_active.php?ID=&fname=a&Submit= HTTP/1.1" 200 2464
::1 - - [09/Dec/2019:04:06:24 -0600] "GET /resources/demos/style.css HTTP/1.1" 404 223
::1 - - [09/Dec/2019:04:06:29 -0600] "GET /search_active.php?ID=&fname=a&Submit= HTTP/1.1" 200 2464
::1 - - [09/Dec/2019:04:06:29 -0600] "GET /resources/demos/style.css HTTP/1.1" 404 223
::1 - - [09/Dec/2019:04:06:33 -0600] "GET /index.php?Return+to+main+page= HTTP/1.1" 200 6589
::1 - - [09/Dec/2019:04:07:02 -0600] "GET /index.php?Return+to+main+page= HTTP/1.1" 200 6589
::1 - - [09/Dec/2019:04:07:19 -0600] "GET /index.php?Return+to+main+page= HTTP/1.1" 200 6589
::1 - - [09/Dec/2019:04:07:26 -0600] "GET /index.php?Return+to+main+page= HTTP/1.1" 200 6589
::1 - - [09/Dec/2019:04:07:32 -0600] "GET /index.php?Return+to+main+page= HTTP/1.1" 200 6589
::1 - - [09/Dec/2019:04:07:40 -0600] "GET /index.php?Return+to+main+page= HTTP/1.1" 200 6589
::1 - - [09/Dec/2019:04:08:43 -0600] "GET /index.php?Return+to+main+page= HTTP/1.1" 200 6589
::1 - - [09/Dec/2019:04:08:51 -0600] "GET /fraternity_info.php?Fraternity_information= HTTP/1.1" 200 87
::1 - - [09/Dec/2019:04:08:57 -0600] "GET /fraternity_info.php?Fraternity_information= HTTP/1.1" 200 87
::1 - - [09/Dec/2019:04:08:59 -0600] "GET /active_info.php?Acitves= HTTP/1.1" 200 884
::1 - - [09/Dec/2019:04:10:12 -0600] "GET /active_info.php?Acitves= HTTP/1.1" 200 1515
::1 - - [09/Dec/2019:04:10:12 -0600] "GET /resources/demos/style.css HTTP/1.1" 404 223
::1 - - [09/Dec/2019:04:10:12 -0600] "GET /resources/demos/style.css HTTP/1.1" 404 223
::1 - - [09/Dec/2019:04:10:45 -0600] "GET /active_info.php?Acitves= HTTP/1.1" 200 1745
::1 - - [09/Dec/2019:04:10:45 -0600] "GET /resources/demos/style.css HTTP/1.1" 404 223
::1 - - [09/Dec/2019:04:10:45 -0600] "GET /resources/demos/style.css HTTP/1.1" 404 223
::1 - - [09/Dec/2019:04:11:26 -0600] "GET /active_info.php?Acitves= HTTP/1.1" 200 1740
::1 - - [09/Dec/2019:04:11:26 -0600] "GET /resources/demos/style.css HTTP/1.1" 404 223
::1 - - [09/Dec/2019:04:11:26 -0600] "GET /resources/demos/style.css HTTP/1.1" 404 223
::1 - - [09/Dec/2019:04:11:45 -0600] "GET /active_info.php?Acitves= HTTP/1.1" 200 1765
::1 - - [09/Dec/2019:04:11:45 -0600] "GET /resources/demos/style.css HTTP/1.1" 404 223
::1 - - [09/Dec/2019:04:11:45 -0600] "GET /resources/demos/style.css HTTP/1.1" 404 223
::1 - - [09/Dec/2019:04:12:11 -0600] "GET /active_info.php?Acitves= HTTP/1.1" 200 1765
::1 - - [09/Dec/2019:04:12:11 -0600] "GET /resources/demos/style.css HTTP/1.1" 404 223
::1 - - [09/Dec/2019:04:12:11 -0600] "GET /resources/demos/style.css HTTP/1.1" 404 223
::1 - - [09/Dec/2019:04:12:12 -0600] "GET /active_info.php?Acitves= HTTP/1.1" 200 1765
::1 - - [09/Dec/2019:04:12:12 -0600] "GET /resources/demos/style.css HTTP/1.1" 404 223
::1 - - [09/Dec/2019:04:12:12 -0600] "GET /resources/demos/style.css HTTP/1.1" 404 223
::1 - - [09/Dec/2019:04:12:57 -0600] "GET /active_info.php?Acitves= HTTP/1.1" 200 1765
::1 - - [09/Dec/2019:04:12:57 -0600] "GET /resources/demos/style.css HTTP/1.1" 404 223
::1 - - [09/Dec/2019:04:12:57 -0600] "GET /resources/demos/style.css HTTP/1.1" 404 223
::1 - - [09/Dec/2019:04:12:58 -0600] "GET /active_info.php?Acitves= HTTP/1.1" 200 1765
::1 - - [09/Dec/2019:04:12:58 -0600] "GET /resources/demos/style.css HTTP/1.1" 404 223
::1 - - [09/Dec/2019:04:13:18 -0600] "GET /active_info.php?Acitves= HTTP/1.1" 200 1745
::1 - - [09/Dec/2019:04:13:18 -0600] "GET /resources/demos/style.css HTTP/1.1" 404 223
::1 - - [09/Dec/2019:04:13:27 -0600] "GET /active_info.php?Acitves= HTTP/1.1" 200 1755
::1 - - [09/Dec/2019:04:13:27 -0600] "GET /resources/demos/style.css HTTP/1.1" 404 223
::1 - - [09/Dec/2019:04:13:27 -0600] "GET /active_info.php?Acitves= HTTP/1.1" 200 1755
::1 - - [09/Dec/2019:04:13:27 -0600] "GET /resources/demos/style.css HTTP/1.1" 404 223
::1 - - [09/Dec/2019:04:13:34 -0600] "GET /search_active.php?ID=&fname=a&Submit= HTTP/1.1" 200 2464
::1 - - [09/Dec/2019:04:13:34 -0600] "GET /resources/demos/style.css HTTP/1.1" 404 223
::1 - - [09/Dec/2019:04:14:01 -0600] "GET /search_active.php?ID=&fname=a&Submit= HTTP/1.1" 200 2454
::1 - - [09/Dec/2019:04:14:01 -0600] "GET /resources/demos/style.css HTTP/1.1" 404 223
::1 - - [09/Dec/2019:04:14:02 -0600] "GET /search_active.php?ID=&fname=a&Submit= HTTP/1.1" 200 2454
::1 - - [09/Dec/2019:04:14:02 -0600] "GET /resources/demos/style.css HTTP/1.1" 404 223
::1 - - [09/Dec/2019:04:14:11 -0600] "GET /search_active.php?ID=&fname=a&Submit= HTTP/1.1" 200 2479
::1 - - [09/Dec/2019:04:14:11 -0600] "GET /resources/demos/style.css HTTP/1.1" 404 223
::1 - - [09/Dec/2019:04:14:34 -0600] "GET /search_active.php?ID=&fname=a&Submit= HTTP/1.1" 200 2479
::1 - - [09/Dec/2019:04:14:34 -0600] "GET /resources/demos/style.css HTTP/1.1" 404 223
::1 - - [09/Dec/2019:04:14:35 -0600] "GET /search_active.php?ID=&fname=a&Submit= HTTP/1.1" 200 2479
::1 - - [09/Dec/2019:04:14:35 -0600] "GET /resources/demos/style.css HTTP/1.1" 404 223
::1 - - [09/Dec/2019:04:14:35 -0600] "GET /search_active.php?ID=&fname=a&Submit= HTTP/1.1" 200 2479
::1 - - [09/Dec/2019:04:14:35 -0600] "GET /resources/demos/style.css HTTP/1.1" 404 223
::1 - - [09/Dec/2019:04:14:51 -0600] "GET /search_active.php?ID=&fname=a&Submit= HTTP/1.1" 200 2479
::1 - - [09/Dec/2019:04:14:51 -0600] "GET /resources/demos/style.css HTTP/1.1" 404 223
::1 - - [09/Dec/2019:04:14:54 -0600] "GET /search_active.php?ID=&fname=a&Submit= HTTP/1.1" 200 2479
::1 - - [09/Dec/2019:04:14:54 -0600] "GET /resources/demos/style.css HTTP/1.1" 404 223
::1 - - [09/Dec/2019:04:15:21 -0600] "GET /search_active.php?ID=&fname=a&Submit= HTTP/1.1" 200 2454
::1 - - [09/Dec/2019:04:15:21 -0600] "GET /resources/demos/style.css HTTP/1.1" 404 223
::1 - - [09/Dec/2019:04:15:48 -0600] "GET /search_active.php?ID=&fname=a&Submit= HTTP/1.1" 200 2454
::1 - - [09/Dec/2019:04:15:48 -0600] "GET /resources/demos/style.css HTTP/1.1" 404 223
::1 - - [09/Dec/2019:04:15:50 -0600] "GET /active_info.php?Acitves= HTTP/1.1" 200 1735
::1 - - [09/Dec/2019:04:15:50 -0600] "GET /resources/demos/style.css HTTP/1.1" 404 223
::1 - - [09/Dec/2019:04:15:51 -0600] "GET /active_info.php?Acitves= HTTP/1.1" 200 1735
::1 - - [09/Dec/2019:04:15:51 -0600] "GET /resources/demos/style.css HTTP/1.1" 404 223
::1 - - [09/Dec/2019:04:16:47 -0600] "GET /active_info.php?Acitves= HTTP/1.1" 200 2105
::1 - - [09/Dec/2019:04:16:47 -0600] "GET /resources/demos/style.css HTTP/1.1" 404 223
::1 - - [09/Dec/2019:04:16:49 -0600] "GET /index.php?Return+to+main+page= HTTP/1.1" 200 6589
::1 - - [09/Dec/2019:04:17:18 -0600] "GET /index.php?Return+to+main+page= HTTP/1.1" 200 6577
::1 - - [09/Dec/2019:04:17:21 -0600] "GET /search_active.php?ID=12345678&fname=&Submit= HTTP/1.1" 200 1569
::1 - - [09/Dec/2019:04:17:21 -0600] "GET /resources/demos/style.css HTTP/1.1" 404 223
::1 - - [09/Dec/2019:04:17:24 -0600] "GET /index.php?Return+to+main+page= HTTP/1.1" 200 6577
::1 - - [09/Dec/2019:04:17:27 -0600] "GET /search_active.php?ID=1&fname=&Submit= HTTP/1.1" 200 2426
::1 - - [09/Dec/2019:04:17:27 -0600] "GET /resources/demos/style.css HTTP/1.1" 404 223
::1 - - [09/Dec/2019:04:17:29 -0600] "GET /index.php?Return+to+main+page= HTTP/1.1" 200 6577
::1 - - [09/Dec/2019:04:17:35 -0600] "GET /search_active.php?ID=1&fname=m&Submit= HTTP/1.1" 200 1935
::1 - - [09/Dec/2019:04:17:35 -0600] "GET /resources/demos/style.css HTTP/1.1" 404 223
::1 - - [09/Dec/2019:04:17:38 -0600] "GET /index.php?Return+to+main+page= HTTP/1.1" 200 6577
::1 - - [09/Dec/2019:04:18:21 -0600] "GET /add_active.php?ID=23456789&fname=Mark&lname=2&major=Comp+S&gpa=3&psem=F&room=1&cclass=CS&pos=MNone&Submit= HTTP/1.1" 200 2383
::1 - - [09/Dec/2019:04:18:21 -0600] "GET /resources/demos/style.css HTTP/1.1" 404 223
::1 - - [09/Dec/2019:04:18:21 -0600] "GET /resources/demos/style.css HTTP/1.1" 404 223
::1 - - [09/Dec/2019:04:18:28 -0600] "GET /index.php?Return+to+main+page= HTTP/1.1" 200 6577
::1 - - [09/Dec/2019:04:18:34 -0600] "GET /search_active.php?ID=1&fname=M&Submit= HTTP/1.1" 200 2117
::1 - - [09/Dec/2019:04:18:34 -0600] "GET /resources/demos/style.css HTTP/1.1" 404 223
::1 - - [09/Dec/2019:04:18:42 -0600] "GET /index.php?Return+to+main+page= HTTP/1.1" 200 6577
::1 - - [09/Dec/2019:04:18:46 -0600] "GET /search_active.php?ID=5&fname=Ma&Submit= HTTP/1.1" 200 1717
::1 - - [09/Dec/2019:04:18:46 -0600] "GET /resources/demos/style.css HTTP/1.1" 404 223
::1 - - [09/Dec/2019:04:18:51 -0600] "GET /index.php?Return+to+main+page= HTTP/1.1" 200 6577
::1 - - [09/Dec/2019:04:18:56 -0600] "GET /search_active.php?ID=5&fname=a&Submit= HTTP/1.1" 200 2608
::1 - - [09/Dec/2019:04:18:56 -0600] "GET /resources/demos/style.css HTTP/1.1" 404 223
::1 - - [09/Dec/2019:04:19:11 -0600] "GET /index.php?Return+to+main+page= HTTP/1.1" 200 6577
::1 - - [09/Dec/2019:04:19:13 -0600] "GET /fraternity_info.php?Fraternity_information= HTTP/1.1" 200 87
::1 - - [09/Dec/2019:04:19:29 -0600] "GET /fraternity_info.php?Fraternity_information= HTTP/1.1" 200 457
::1 - - [09/Dec/2019:04:19:42 -0600] "GET /fraternity_info.php?Fraternity_information= HTTP/1.1" 200 1057
::1 - - [09/Dec/2019:04:19:42 -0600] "GET /resources/demos/style.css HTTP/1.1" 404 223
::1 - - [09/Dec/2019:04:19:42 -0600] "GET /resources/demos/style.css HTTP/1.1" 404 223
::1 - - [09/Dec/2019:04:22:42 -0600] "GET /fraternity_info.php?Fraternity_information= HTTP/1.1" 500 -
::1 - - [09/Dec/2019:04:23:34 -0600] "GET /fraternity_info.php?Fraternity_information= HTTP/1.1" 200 1113
::1 - - [09/Dec/2019:04:23:34 -0600] "GET /resources/demos/style.css HTTP/1.1" 404 223
::1 - - [09/Dec/2019:04:23:34 -0600] "GET /resources/demos/style.css HTTP/1.1" 404 223
::1 - - [09/Dec/2019:04:23:38 -0600] "GET /index.php?Return+to+main+page= HTTP/1.1" 200 6577
::1 - - [09/Dec/2019:04:23:41 -0600] "GET /active_info.php?Acitves= HTTP/1.1" 200 2287
::1 - - [09/Dec/2019:04:23:41 -0600] "GET /resources/demos/style.css HTTP/1.1" 404 223
::1 - - [09/Dec/2019:04:23:44 -0600] "GET /index.php?Return+to+main+page= HTTP/1.1" 200 6577
::1 - - [09/Dec/2019:04:23:48 -0600] "GET /search_active.php?ID=&fname=Alex&Submit= HTTP/1.1" 200 1819
::1 - - [09/Dec/2019:04:23:48 -0600] "GET /resources/demos/style.css HTTP/1.1" 404 223
::1 - - [09/Dec/2019:04:23:55 -0600] "GET /index.php?Return+to+main+page= HTTP/1.1" 200 6577
::1 - - [09/Dec/2019:04:23:56 -0600] "GET /fraternity_info.php?Fraternity_information= HTTP/1.1" 200 1113
::1 - - [09/Dec/2019:04:23:56 -0600] "GET /resources/demos/style.css HTTP/1.1" 404 223
::1 - - [09/Dec/2019:04:23:57 -0600] "GET /index.php?Return+to+main+page= HTTP/1.1" 200 6577
::1 - - [09/Dec/2019:04:24:05 -0600] "GET /add_active.php?ID=1&fname=1&lname=1&major=1&gpa=1&psem=1&room=11&cclass=1&pos=1&Submit= HTTP/1.1" 200 2536
::1 - - [09/Dec/2019:04:24:06 -0600] "GET /resources/demos/style.css HTTP/1.1" 404 223
::1 - - [09/Dec/2019:04:24:06 -0600] "GET /resources/demos/style.css HTTP/1.1" 404 223
::1 - - [09/Dec/2019:04:24:20 -0600] "GET /index.php?Return+to+main+page= HTTP/1.1" 200 6577
::1 - - [09/Dec/2019:04:25:18 -0600] "GET /add_active.php?ID=1&fname=1&lname=1&major=1&gpa=1&psem=1&room=11&cclass=1&pos=1&Submit= HTTP/1.1" 200 76
::1 - - [09/Dec/2019:04:25:34 -0600] "POST /phpmyadmin/index.php HTTP/1.1" 302 25
::1 - - [09/Dec/2019:04:25:34 -0600] "GET /phpmyadmin/index.php HTTP/1.1" 200 13110
::1 - - [09/Dec/2019:04:25:34 -0600] "GET /phpmyadmin/phpmyadmin.css.php?nocache=6104321614ltr&server=1 HTTP/1.1" 200 20133
::1 - - [09/Dec/2019:04:25:34 -0600] "POST /phpmyadmin/navigation.php?ajax_request=1 HTTP/1.1" 200 1853
::1 - - [09/Dec/2019:04:25:34 -0600] "POST /phpmyadmin/version_check.php HTTP/1.1" 200 64
::1 - - [09/Dec/2019:04:25:39 -0600] "GET /phpmyadmin/navigation.php?ajax_request=1&aPath=cm9vdA%3D%3D.cGlrZQ%3D%3D&vPath=cm9vdA%3D%3D.cGlrZQ%3D%3D&pos=0&pos2_name=&pos2_value=&searchClause=&searchClause2=&_nocache=1575887139672127889 HTTP/1.1" 200 1792
::1 - - [09/Dec/2019:04:25:41 -0600] "GET /phpmyadmin/sql.php?server=1&db=pike&table=actives_table&pos=0&ajax_request=true&ajax_page_request=true&_nocache=1575887141059636122 HTTP/1.1" 200 8071
::1 - - [09/Dec/2019:04:25:41 -0600] "GET /phpmyadmin/js/get_scripts.js.php?scripts%5B%5D=jquery/jquery.uitablefilter.js&scripts%5B%5D=tbl_change.js&scripts%5B%5D=gis_data_editor.js&scripts%5B%5D=multi_column_sort.js&scripts%5B%5D=makegrid.js&scripts%5B%5D=sql.js&call_done=1&v=4.7.5&call_done=1&v=4.7.5 HTTP/1.1" 200 38777
::1 - - [09/Dec/2019:04:25:42 -0600] "GET /phpmyadmin/index.php?ajax_request=1&recent_table=1&no_debug=true&_nocache=1575887142023192061 HTTP/1.1" 200 1410
::1 - - [09/Dec/2019:04:25:56 -0600] "GET /add_active.php?ID=2&fname=1&lname=1&major=1&gpa=1&psem=1&room=11&cclass=1&pos=1&Submit= HTTP/1.1" 200 2699
::1 - - [09/Dec/2019:04:25:56 -0600] "GET /resources/demos/style.css HTTP/1.1" 404 223
::1 - - [09/Dec/2019:04:25:57 -0600] "GET /resources/demos/style.css HTTP/1.1" 404 223
::1 - - [09/Dec/2019:04:26:19 -0600] "GET /add_active.php?ID=2&fname=1&lname=1&major=1&gpa=1&psem=1&room=11&cclass=1&pos=1&Submit= HTTP/1.1" 200 76
::1 - - [09/Dec/2019:04:26:26 -0600] "GET /add_active.php?ID=3&fname=1&lname=1&major=1&gpa=1&psem=1&room=11&cclass=1&pos=1&Submit= HTTP/1.1" 200 2815
::1 - - [09/Dec/2019:04:26:26 -0600] "GET /resources/demos/style.css HTTP/1.1" 404 223
::1 - - [09/Dec/2019:04:26:26 -0600] "GET /resources/demos/style.css HTTP/1.1" 404 223
::1 - - [09/Dec/2019:04:27:09 -0600] "GET /add_active.php?ID=3&fname=1&lname=1&major=1&gpa=1&psem=1&room=11&cclass=1&pos=1&Submit= HTTP/1.1" 200 76
::1 - - [09/Dec/2019:04:27:20 -0600] "GET /phpmyadmin/sql.php?server=1&db=pike&table=actives_table&pos=0 HTTP/1.1" 200 13875
::1 - - [09/Dec/2019:04:27:21 -0600] "GET /phpmyadmin/js/get_scripts.js.php?scripts%5B%5D=sql.js&scripts%5B%5D=codemirror/lib/codemirror.js&scripts%5B%5D=codemirror/mode/sql/sql.js&scripts%5B%5D=codemirror/addon/runmode/runmode.js&scripts%5B%5D=codemirror/addon/hint/show-hint.js&scripts%5B%5D=codemirror/addon/hint/sql-hint.js&scripts%5B%5D=codemirror/addon/lint/lint.js&scripts%5B%5D=codemirror/addon/lint/sql-lint.js&scripts%5B%5D=console.js&v=4.7.5 HTTP/1.1" 200 134698
::1 - - [09/Dec/2019:04:27:21 -0600] "GET /phpmyadmin/js/get_scripts.js.php?scripts%5B%5D=navigation.js&scripts%5B%5D=indexes.js&scripts%5B%5D=common.js&scripts%5B%5D=page_settings.js&scripts%5B%5D=shortcuts_handler.js&scripts%5B%5D=jquery/jquery.uitablefilter.js&scripts%5B%5D=tbl_change.js&scripts%5B%5D=gis_data_editor.js&scripts%5B%5D=multi_column_sort.js&scripts%5B%5D=makegrid.js&v=4.7.5 HTTP/1.1" 200 51992
::1 - - [09/Dec/2019:04:27:21 -0600] "POST /phpmyadmin/navigation.php?ajax_request=1 HTTP/1.1" 200 2185
::1 - - [09/Dec/2019:04:27:21 -0600] "GET /phpmyadmin/index.php?ajax_request=1&recent_table=1&no_debug=true&_nocache=1575887241296268603 HTTP/1.1" 200 1410
::1 - - [09/Dec/2019:04:27:21 -0600] "GET /phpmyadmin/favicon.ico HTTP/1.1" 200 22486
::1 - - [09/Dec/2019:04:27:26 -0600] "GET /phpmyadmin/sql.php?db=pike&table=actives_table&sql_query=DELETE+FROM+%60actives_table%60+WHERE+%60actives_table%60.%60Student_ID%60+%3D+1&message_to_show=The+row+has+been+deleted.&goto=sql.php%3Fdb%3Dpike%26table%3Dactives_table%26sql_query%3DSELECT%2B%252A%2BFROM%2B%2560actives_table%2560%26message_to_show%3DThe%2Brow%2Bhas%2Bbeen%2Bdeleted.%26goto%3Dtbl_sql.php&ajax_request=true&ajax_page_request=true&_nocache=1575887246414674367 HTTP/1.1" 200 4164
::1 - - [09/Dec/2019:04:27:26 -0600] "GET /phpmyadmin/index.php?ajax_request=1&recent_table=1&no_debug=true&_nocache=1575887246970672780 HTTP/1.1" 200 1410
::1 - - [09/Dec/2019:04:27:28 -0600] "GET /phpmyadmin/sql.php?db=pike&table=actives_table&server=1&target=&ajax_request=true&ajax_page_request=true&_nocache=157588724895594850 HTTP/1.1" 200 8240
::1 - - [09/Dec/2019:04:27:29 -0600] "GET /phpmyadmin/index.php?ajax_request=1&recent_table=1&no_debug=true&_nocache=1575887249242639274 HTTP/1.1" 200 1410
::1 - - [09/Dec/2019:04:27:31 -0600] "GET /phpmyadmin/themes/pmahomme/jquery/images/ui-bg_highlight-soft_75_cccccc_1x100.png HTTP/1.1" 200 123
::1 - - [09/Dec/2019:04:27:31 -0600] "GET /phpmyadmin/themes/pmahomme/jquery/images/ui-icons_222222_256x240.png HTTP/1.1" 200 4262
::1 - - [09/Dec/2019:04:27:31 -0600] "GET /phpmyadmin/themes/pmahomme/jquery/images/ui-bg_glass_75_dadada_1x400.png HTTP/1.1" 200 127
::1 - - [09/Dec/2019:04:27:31 -0600] "GET /phpmyadmin/themes/pmahomme/jquery/images/ui-bg_glass_75_e6e6e6_1x400.png HTTP/1.1" 200 121
::1 - - [09/Dec/2019:04:27:31 -0600] "GET /phpmyadmin/themes/pmahomme/jquery/images/ui-icons_888888_256x240.png HTTP/1.1" 200 4262
::1 - - [09/Dec/2019:04:27:34 -0600] "GET /phpmyadmin/themes/pmahomme/jquery/images/ui-bg_glass_65_ffffff_1x400.png HTTP/1.1" 200 74
::1 - - [09/Dec/2019:04:27:34 -0600] "POST /phpmyadmin/sql.php?db=pike&table=actives_table&sql_query=DELETE+FROM+%60actives_table%60+WHERE+%60actives_table%60.%60Student_ID%60+%3D+2&message_to_show=The+row+has+been+deleted.&goto=sql.php%3Fdb%3Dpike%26table%3Dactives_table%26sql_query%3DSELECT%2B%252A%2BFROM%2B%2560actives_table%2560%26message_to_show%3DThe%2Brow%2Bhas%2Bbeen%2Bdeleted.%26goto%3Dtbl_sql.php HTTP/1.1" 200 1870
::1 - - [09/Dec/2019:04:27:36 -0600] "POST /phpmyadmin/sql.php?db=pike&table=actives_table&sql_query=DELETE+FROM+%60actives_table%60+WHERE+%60actives_table%60.%60Student_ID%60+%3D+3&message_to_show=The+row+has+been+deleted.&goto=sql.php%3Fdb%3Dpike%26table%3Dactives_table%26sql_query%3DSELECT%2B%252A%2BFROM%2B%2560actives_table%2560%26message_to_show%3DThe%2Brow%2Bhas%2Bbeen%2Bdeleted.%26goto%3Dtbl_sql.php HTTP/1.1" 200 1870
::1 - - [09/Dec/2019:04:27:39 -0600] "GET /add_active.php?ID=3&fname=1&lname=1&major=1&gpa=1&psem=1&room=11&cclass=1&pos=1&Submit= HTTP/1.1" 200 2530
::1 - - [09/Dec/2019:04:27:39 -0600] "GET /resources/demos/style.css HTTP/1.1" 404 223
::1 - - [09/Dec/2019:04:27:39 -0600] "GET /resources/demos/style.css HTTP/1.1" 404 223
::1 - - [09/Dec/2019:04:28:34 -0600] "GET /add_active.php?ID=2&fname=1&lname=1&major=1&gpa=1&psem=1&room=11&cclass=1&pos=1&Submit= HTTP/1.1" 200 2693
::1 - - [09/Dec/2019:04:28:34 -0600] "GET /resources/demos/style.css HTTP/1.1" 404 223
::1 - - [09/Dec/2019:04:28:34 -0600] "GET /resources/demos/style.css HTTP/1.1" 404 223
::1 - - [09/Dec/2019:04:28:45 -0600] "GET /add_active.php?ID=1&fname=1&lname=1&major=1&gpa=1&psem=1&room=11&cclass=1&pos=1&Submit= HTTP/1.1" 200 2817
::1 - - [09/Dec/2019:04:28:45 -0600] "GET /resources/demos/style.css HTTP/1.1" 404 223
::1 - - [09/Dec/2019:04:28:45 -0600] "GET /resources/demos/style.css HTTP/1.1" 404 223
::1 - - [09/Dec/2019:04:28:53 -0600] "GET /add_active.php?ID=1&fname=1&lname=1&major=1&gpa=1&psem=1&room=11&cclass=1&pos=1&Submit= HTTP/1.1" 200 37
::1 - - [09/Dec/2019:04:28:55 -0600] "GET /add_active.php?ID=0&fname=1&lname=1&major=1&gpa=1&psem=1&room=11&cclass=1&pos=1&Submit= HTTP/1.1" 200 2978
::1 - - [09/Dec/2019:04:28:55 -0600] "GET /resources/demos/style.css HTTP/1.1" 404 223
::1 - - [09/Dec/2019:04:28:55 -0600] "GET /resources/demos/style.css HTTP/1.1" 404 223
::1 - - [09/Dec/2019:04:29:04 -0600] "GET /add_active.php?ID=0&fname=1&lname=1&major=1&gpa=1&psem=1&room=11&cclass=1&pos=1&Submit= HTTP/1.1" 200 37
::1 - - [09/Dec/2019:04:29:09 -0600] "GET /add_active.php?ID=01&fname=1&lname=1&major=1&gpa=1&psem=1&room=11&cclass=1&pos=1&Submit= HTTP/1.1" 200 37
::1 - - [09/Dec/2019:04:29:13 -0600] "GET /add_active.php?ID=012&fname=1&lname=1&major=1&gpa=1&psem=1&room=11&cclass=1&pos=1&Submit= HTTP/1.1" 200 3103
::1 - - [09/Dec/2019:04:29:13 -0600] "GET /resources/demos/style.css HTTP/1.1" 404 223
::1 - - [09/Dec/2019:04:29:13 -0600] "GET /resources/demos/style.css HTTP/1.1" 404 223
::1 - - [09/Dec/2019:04:29:23 -0600] "GET /phpmyadmin/sql.php?server=1&db=pike&table=actives_table&pos=0 HTTP/1.1" 200 14037
::1 - - [09/Dec/2019:04:29:24 -0600] "POST /phpmyadmin/navigation.php?ajax_request=1 HTTP/1.1" 200 2185
::1 - - [09/Dec/2019:04:29:24 -0600] "GET /phpmyadmin/index.php?ajax_request=1&recent_table=1&no_debug=true&_nocache=1575887364064181808 HTTP/1.1" 200 1410
::1 - - [09/Dec/2019:04:29:24 -0600] "GET /phpmyadmin/favicon.ico HTTP/1.1" 200 22486
::1 - - [09/Dec/2019:04:29:25 -0600] "GET /phpmyadmin/sql.php?db=pike&table=actives_table&sql_query=DELETE+FROM+%60actives_table%60+WHERE+%60actives_table%60.%60Student_ID%60+%3D+0&message_to_show=The+row+has+been+deleted.&goto=sql.php%3Fdb%3Dpike%26table%3Dactives_table%26sql_query%3DSELECT%2B%252A%2BFROM%2B%2560actives_table%2560%26message_to_show%3DThe%2Brow%2Bhas%2Bbeen%2Bdeleted.%26goto%3Dtbl_sql.php&ajax_request=true&ajax_page_request=true&_nocache=1575887365101407288 HTTP/1.1" 200 4163
::1 - - [09/Dec/2019:04:29:25 -0600] "GET /phpmyadmin/index.php?ajax_request=1&recent_table=1&no_debug=true&_nocache=1575887365320375804 HTTP/1.1" 200 1410
::1 - - [09/Dec/2019:04:29:27 -0600] "GET /phpmyadmin/sql.php?db=pike&table=actives_table&server=1&target=&ajax_request=true&ajax_page_request=true&_nocache=1575887367053447483 HTTP/1.1" 200 8409
::1 - - [09/Dec/2019:04:29:27 -0600] "GET /phpmyadmin/index.php?ajax_request=1&recent_table=1&no_debug=true&_nocache=1575887367284995762 HTTP/1.1" 200 1410
::1 - - [09/Dec/2019:04:29:47 -0600] "POST /phpmyadmin/tbl_row_action.php HTTP/1.1" 200 1920
::1 - - [09/Dec/2019:04:29:47 -0600] "GET /phpmyadmin/index.php?ajax_request=1&recent_table=1&no_debug=true&_nocache=1575887387867561278 HTTP/1.1" 200 1410
::1 - - [09/Dec/2019:04:29:49 -0600] "POST /phpmyadmin/tbl_row_action.php HTTP/1.1" 200 5742
::1 - - [09/Dec/2019:04:29:49 -0600] "GET /phpmyadmin/index.php?ajax_request=1&recent_table=1&no_debug=true&_nocache=1575887389615268795 HTTP/1.1" 200 1410
::1 - - [09/Dec/2019:04:29:53 -0600] "POST /phpmyadmin/tbl_row_action.php HTTP/1.1" 200 1886
::1 - - [09/Dec/2019:04:29:54 -0600] "GET /phpmyadmin/index.php?ajax_request=1&recent_table=1&no_debug=true&_nocache=1575887394015316034 HTTP/1.1" 200 1410
::1 - - [09/Dec/2019:04:29:55 -0600] "POST /phpmyadmin/tbl_row_action.php HTTP/1.1" 200 5177
::1 - - [09/Dec/2019:04:29:56 -0600] "GET /phpmyadmin/index.php?ajax_request=1&recent_table=1&no_debug=true&_nocache=1575887396315712379 HTTP/1.1" 200 1410
::1 - - [09/Dec/2019:04:30:13 -0600] "GET /add_active.php?ID=0&fname=1&lname=1&major=1&gpa=1&psem=1&room=1&cclass=1&pos=1&Submit= HTTP/1.1" 200 2267
::1 - - [09/Dec/2019:04:30:13 -0600] "GET /resources/demos/style.css HTTP/1.1" 404 223
::1 - - [09/Dec/2019:04:30:13 -0600] "GET /resources/demos/style.css HTTP/1.1" 404 223
::1 - - [09/Dec/2019:04:31:41 -0600] "GET /add_active.php?ID=0&fname=1&lname=1&major=1&gpa=1&psem=1&room=1&cclass=1&pos=1&Submit= HTTP/1.1" 200 37
::1 - - [09/Dec/2019:04:31:45 -0600] "GET /add_active.php?ID=1&fname=1&lname=1&major=1&gpa=1&psem=1&room=1&cclass=1&pos=1&Submit= HTTP/1.1" 200 2583
::1 - - [09/Dec/2019:04:31:45 -0600] "GET /resources/demos/style.css HTTP/1.1" 404 223
::1 - - [09/Dec/2019:04:31:45 -0600] "GET /resources/demos/style.css HTTP/1.1" 404 223
::1 - - [09/Dec/2019:04:33:22 -0600] "GET /add_active.php?ID=1&fname=1&lname=1&major=1&gpa=1&psem=1&room=1&cclass=1&pos=1&Submit= HTTP/1.1" 200 37
::1 - - [09/Dec/2019:04:33:26 -0600] "GET /add_active.php?ID=2&fname=1&lname=1&major=1&gpa=1&psem=1&room=1&cclass=1&pos=1&Submit= HTTP/1.1" 500 -
::1 - - [09/Dec/2019:04:34:03 -0600] "GET /add_active.php?ID=2&fname=1&lname=1&major=1&gpa=1&psem=1&room=1&cclass=1&pos=1&Submit= HTTP/1.1" 200 37
::1 - - [09/Dec/2019:04:34:06 -0600] "GET /add_active.php?ID=3&fname=1&lname=1&major=1&gpa=1&psem=1&room=1&cclass=1&pos=1&Submit= HTTP/1.1" 500 -
::1 - - [09/Dec/2019:04:34:15 -0600] "GET /add_active.php?ID=3&fname=1&lname=1&major=1&gpa=1&psem=1&room=1&cclass=1&pos=1&Submit= HTTP/1.1" 200 37
::1 - - [09/Dec/2019:04:34:18 -0600] "GET /add_active.php?ID=4&fname=1&lname=1&major=1&gpa=1&psem=1&room=1&cclass=1&pos=1&Submit= HTTP/1.1" 500 -
::1 - - [09/Dec/2019:04:35:15 -0600] "GET /add_active.php?ID=4&fname=1&lname=1&major=1&gpa=1&psem=1&room=1&cclass=1&pos=1&Submit= HTTP/1.1" 200 37
::1 - - [09/Dec/2019:04:35:17 -0600] "GET /add_active.php?ID=5&fname=1&lname=1&major=1&gpa=1&psem=1&room=1&cclass=1&pos=1&Submit= HTTP/1.1" 500 -
::1 - - [09/Dec/2019:04:35:39 -0600] "GET /add_active.php?ID=5&fname=1&lname=1&major=1&gpa=1&psem=1&room=1&cclass=1&pos=1&Submit= HTTP/1.1" 200 37
::1 - - [09/Dec/2019:04:35:50 -0600] "GET /add_active.php?ID=6&fname=1&lname=1&major=1&gpa=1&psem=1&room=1&cclass=1&pos=1&Submit= HTTP/1.1" 200 3239
::1 - - [09/Dec/2019:04:35:50 -0600] "GET /resources/demos/style.css HTTP/1.1" 404 223
::1 - - [09/Dec/2019:04:35:50 -0600] "GET /resources/demos/style.css HTTP/1.1" 404 223
::1 - - [09/Dec/2019:04:36:02 -0600] "GET /add_active.php?ID=7&fname=1&lname=1&major=1&gpa=1&psem=1&room=1&cclass=1&pos=1&Submit= HTTP/1.1" 200 3423
::1 - - [09/Dec/2019:04:36:02 -0600] "GET /resources/demos/style.css HTTP/1.1" 404 223
::1 - - [09/Dec/2019:04:36:02 -0600] "GET /resources/demos/style.css HTTP/1.1" 404 223
::1 - - [09/Dec/2019:04:36:13 -0600] "GET /phpmyadmin/sql.php?server=1&db=pike&table=actives_table&pos=0 HTTP/1.1" 200 14143
::1 - - [09/Dec/2019:04:36:14 -0600] "POST /phpmyadmin/navigation.php?ajax_request=1 HTTP/1.1" 200 2185
::1 - - [09/Dec/2019:04:36:14 -0600] "GET /phpmyadmin/index.php?ajax_request=1&recent_table=1&no_debug=true&_nocache=1575887774414857318 HTTP/1.1" 200 1410
::1 - - [09/Dec/2019:04:36:14 -0600] "GET /phpmyadmin/favicon.ico HTTP/1.1" 200 22486
::1 - - [09/Dec/2019:04:36:23 -0600] "POST /phpmyadmin/tbl_row_action.php HTTP/1.1" 200 1971
::1 - - [09/Dec/2019:04:36:24 -0600] "GET /phpmyadmin/index.php?ajax_request=1&recent_table=1&no_debug=true&_nocache=1575887784174139003 HTTP/1.1" 200 1410
::1 - - [09/Dec/2019:04:36:25 -0600] "POST /phpmyadmin/tbl_row_action.php HTTP/1.1" 200 5179
::1 - - [09/Dec/2019:04:36:25 -0600] "GET /phpmyadmin/index.php?ajax_request=1&recent_table=1&no_debug=true&_nocache=15758877857942003 HTTP/1.1" 200 1410
::1 - - [09/Dec/2019:04:37:10 -0600] "GET /add_active.php?ID=50&fname=Test&lname=ing&major=EE&gpa=2.5&psem=F2K20&room=7&cclass=CS5000&pos=None&Submit= HTTP/1.1" 200 2306
::1 - - [09/Dec/2019:04:37:10 -0600] "GET /resources/demos/style.css HTTP/1.1" 404 223
::1 - - [09/Dec/2019:04:37:10 -0600] "GET /resources/demos/style.css HTTP/1.1" 404 223
::1 - - [09/Dec/2019:04:38:01 -0600] "GET /add_active.php?ID=6&fname=Test&lname=ing&major=EE&gpa=2.5&psem=F2K20&room=7&cclass=CS5000&pos=None&Submit= HTTP/1.1" 200 2484
::1 - - [09/Dec/2019:04:38:02 -0600] "GET /resources/demos/style.css HTTP/1.1" 404 223
::1 - - [09/Dec/2019:04:38:02 -0600] "GET /resources/demos/style.css HTTP/1.1" 404 223
::1 - - [09/Dec/2019:04:38:38 -0600] "GET /phpmyadmin/sql.php?server=1&db=pike&table=actives_table&pos=0 HTTP/1.1" 200 13566
::1 - - [09/Dec/2019:04:38:39 -0600] "POST /phpmyadmin/navigation.php?ajax_request=1 HTTP/1.1" 200 2185
::1 - - [09/Dec/2019:04:38:39 -0600] "GET /phpmyadmin/index.php?ajax_request=1&recent_table=1&no_debug=true&_nocache=1575887919093383681 HTTP/1.1" 200 1410
::1 - - [09/Dec/2019:04:38:39 -0600] "GET /phpmyadmin/favicon.ico HTTP/1.1" 200 22486
::1 - - [09/Dec/2019:04:38:40 -0600] "GET /index.php?Return+to+main+page= HTTP/1.1" 200 6577
::1 - - [09/Dec/2019:04:38:49 -0600] "POST /phpmyadmin/tbl_row_action.php HTTP/1.1" 200 1898
::1 - - [09/Dec/2019:04:38:49 -0600] "GET /phpmyadmin/index.php?ajax_request=1&recent_table=1&no_debug=true&_nocache=1575887929593217838 HTTP/1.1" 200 1410
::1 - - [09/Dec/2019:04:38:52 -0600] "POST /phpmyadmin/tbl_row_action.php HTTP/1.1" 200 5177
::1 - - [09/Dec/2019:04:38:52 -0600] "GET /phpmyadmin/index.php?ajax_request=1&recent_table=1&no_debug=true&_nocache=1575887932706171544 HTTP/1.1" 200 1410
::1 - - [09/Dec/2019:04:39:00 -0600] "GET /fraternity_info.php?Fraternity_information= HTTP/1.1" 200 1113
::1 - - [09/Dec/2019:04:39:00 -0600] "GET /resources/demos/style.css HTTP/1.1" 404 223
::1 - - [09/Dec/2019:04:39:00 -0600] "GET /resources/demos/style.css HTTP/1.1" 404 223
::1 - - [09/Dec/2019:04:39:05 -0600] "GET /index.php?Return+to+main+page= HTTP/1.1" 200 6577
::1 - - [09/Dec/2019:04:39:06 -0600] "GET /active_info.php?Acitves= HTTP/1.1" 200 2127
::1 - - [09/Dec/2019:04:39:06 -0600] "GET /resources/demos/style.css HTTP/1.1" 404 223
::1 - - [09/Dec/2019:04:39:06 -0600] "GET /resources/demos/style.css HTTP/1.1" 404 223
::1 - - [09/Dec/2019:04:39:52 -0600] "GET /search_active.php?ID=&fname=a&Submit= HTTP/1.1" 200 2426
::1 - - [09/Dec/2019:04:39:52 -0600] "GET /resources/demos/style.css HTTP/1.1" 404 223
::1 - - [09/Dec/2019:04:39:52 -0600] "GET /resources/demos/style.css HTTP/1.1" 404 223
::1 - - [09/Dec/2019:04:39:54 -0600] "GET /index.php?Return+to+main+page= HTTP/1.1" 200 6577
::1 - - [09/Dec/2019:04:39:58 -0600] "GET /search_active.php?ID=&fname=a&Submit= HTTP/1.1" 200 2426
::1 - - [09/Dec/2019:04:39:58 -0600] "GET /resources/demos/style.css HTTP/1.1" 404 223
::1 - - [09/Dec/2019:04:39:58 -0600] "GET /resources/demos/style.css HTTP/1.1" 404 223
::1 - - [09/Dec/2019:04:40:01 -0600] "GET /index.php?Return+to+main+page= HTTP/1.1" 200 6577
::1 - - [09/Dec/2019:04:40:40 -0600] "GET /add_active.php?ID=88888888&fname=New&lname=Guy&major=Comp+Sci&gpa=2.5&psem=F2K09&room=4&cclass=None&pos=None&Submit= HTTP/1.1" 200 2315
::1 - - [09/Dec/2019:04:40:40 -0600] "GET /resources/demos/style.css HTTP/1.1" 404 223
::1 - - [09/Dec/2019:04:40:40 -0600] "GET /resources/demos/style.css HTTP/1.1" 404 223
::1 - - [09/Dec/2019:04:41:25 -0600] "GET /phpmyadmin/sql.php?server=1&db=pike&table=actives_table&pos=0 HTTP/1.1" 200 13003
::1 - - [09/Dec/2019:04:41:26 -0600] "POST /phpmyadmin/navigation.php?ajax_request=1 HTTP/1.1" 200 2185
::1 - - [09/Dec/2019:04:41:26 -0600] "GET /phpmyadmin/index.php?ajax_request=1&recent_table=1&no_debug=true&_nocache=1575888086171946575 HTTP/1.1" 200 1410
::1 - - [09/Dec/2019:04:41:26 -0600] "GET /phpmyadmin/favicon.ico HTTP/1.1" 200 22486
::1 - - [09/Dec/2019:04:42:28 -0600] "GET /index.php?Return+to+main+page= HTTP/1.1" 200 6577
::1 - - [09/Dec/2019:04:42:44 -0600] "GET /active_info.php?Acitves= HTTP/1.1" 200 2315
::1 - - [09/Dec/2019:04:42:44 -0600] "GET /resources/demos/style.css HTTP/1.1" 404 223
::1 - - [09/Dec/2019:04:42:44 -0600] "GET /resources/demos/style.css HTTP/1.1" 404 223
::1 - - [09/Dec/2019:04:42:47 -0600] "GET /index.php?Return+to+main+page= HTTP/1.1" 200 6577
::1 - - [09/Dec/2019:04:42:53 -0600] "GET /remove_active.php?SID=88888888&fname=New&lname=Guy&Submit= HTTP/1.1" 200 2224
::1 - - [09/Dec/2019:04:42:53 -0600] "GET /resources/demos/style.css HTTP/1.1" 404 223
::1 - - [09/Dec/2019:04:42:53 -0600] "GET /resources/demos/style.css HTTP/1.1" 404 223
::1 - - [09/Dec/2019:04:44:37 -0600] "GET /active_info.php?Acitves= HTTP/1.1" 200 2127
::1 - - [09/Dec/2019:04:44:37 -0600] "GET /resources/demos/style.css HTTP/1.1" 404 223
::1 - - [09/Dec/2019:04:44:37 -0600] "GET /resources/demos/style.css HTTP/1.1" 404 223
::1 - - [09/Dec/2019:04:49:22 -0600] "GET /add_active.php?ID=7&fname=1&lname=1&major=1&gpa=1&psem=1&room=1&cclass=1&pos=1&Submit= HTTP/1.1" 200 1184
::1 - - [09/Dec/2019:04:49:22 -0600] "GET /resources/demos/style.css HTTP/1.1" 404 223
::1 - - [09/Dec/2019:04:49:22 -0600] "GET /resources/demos/style.css HTTP/1.1" 404 223
::1 - - [09/Dec/2019:04:49:49 -0600] "GET /add_active.php?ID=7&fname=1&lname=1&major=1&gpa=1&psem=1&room=1&cclass=1&pos=1&Submit= HTTP/1.1" 200 637
::1 - - [09/Dec/2019:04:49:49 -0600] "GET /resources/demos/style.css HTTP/1.1" 404 223
::1 - - [09/Dec/2019:04:49:49 -0600] "GET /resources/demos/style.css HTTP/1.1" 404 223
::1 - - [09/Dec/2019:04:49:52 -0600] "GET /add_active.php?ID=8&fname=1&lname=1&major=1&gpa=1&psem=1&room=1&cclass=1&pos=1&Submit= HTTP/1.1" 200 1185
::1 - - [09/Dec/2019:04:49:52 -0600] "GET /resources/demos/style.css HTTP/1.1" 404 223
::1 - - [09/Dec/2019:04:50:24 -0600] "GET /add_active.php?ID=9&fname=1&lname=1&major=1&gpa=1&psem=1&room=1&cclass=1&pos=1&Submit= HTTP/1.1" 200 1193
::1 - - [09/Dec/2019:04:50:24 -0600] "GET /resources/demos/style.css HTTP/1.1" 404 223
::1 - - [09/Dec/2019:04:50:28 -0600] "GET /index.php?Return+to+main+page= HTTP/1.1" 200 6981
::1 - - [09/Dec/2019:04:50:28 -0600] "GET /resources/demos/style.css HTTP/1.1" 404 223
::1 - - [09/Dec/2019:04:50:28 -0600] "GET /resources/demos/style.css HTTP/1.1" 404 223
::1 - - [09/Dec/2019:04:50:52 -0600] "GET /active_info.php?Acitves= HTTP/1.1" 200 2623
::1 - - [09/Dec/2019:04:50:52 -0600] "GET /resources/demos/style.css HTTP/1.1" 404 223
::1 - - [09/Dec/2019:04:51:17 -0600] "GET /active_info.php?Acitves= HTTP/1.1" 200 2601
::1 - - [09/Dec/2019:04:51:17 -0600] "GET /resources/demos/style.css HTTP/1.1" 404 223
::1 - - [09/Dec/2019:04:51:20 -0600] "GET /phpmyadmin/sql.php?server=1&db=pike&table=actives_table&pos=0 HTTP/1.1" 200 13664
::1 - - [09/Dec/2019:04:51:21 -0600] "POST /phpmyadmin/navigation.php?ajax_request=1 HTTP/1.1" 200 2185
::1 - - [09/Dec/2019:04:51:21 -0600] "GET /phpmyadmin/index.php?ajax_request=1&recent_table=1&no_debug=true&_nocache=1575888681425407870 HTTP/1.1" 200 1410
::1 - - [09/Dec/2019:04:51:21 -0600] "GET /phpmyadmin/favicon.ico HTTP/1.1" 200 22486
::1 - - [09/Dec/2019:04:51:25 -0600] "POST /phpmyadmin/tbl_row_action.php HTTP/1.1" 200 1909
::1 - - [09/Dec/2019:04:51:26 -0600] "GET /phpmyadmin/index.php?ajax_request=1&recent_table=1&no_debug=true&_nocache=1575888686110866303 HTTP/1.1" 200 1410
::1 - - [09/Dec/2019:04:51:26 -0600] "POST /phpmyadmin/tbl_row_action.php HTTP/1.1" 200 5175
::1 - - [09/Dec/2019:04:51:27 -0600] "GET /phpmyadmin/index.php?ajax_request=1&recent_table=1&no_debug=true&_nocache=1575888687061249415 HTTP/1.1" 200 1410
::1 - - [09/Dec/2019:04:51:28 -0600] "GET /active_info.php?Acitves= HTTP/1.1" 200 2115
::1 - - [09/Dec/2019:04:51:28 -0600] "GET /resources/demos/style.css HTTP/1.1" 404 223
::1 - - [09/Dec/2019:04:51:43 -0600] "GET /active_info.php?Acitves= HTTP/1.1" 200 2115
::1 - - [09/Dec/2019:04:51:43 -0600] "GET /resources/demos/style.css HTTP/1.1" 404 223
::1 - - [09/Dec/2019:04:51:57 -0600] "GET /search_active.php?ID=&fname=a&Submit= HTTP/1.1" 200 2426
::1 - - [09/Dec/2019:04:51:57 -0600] "GET /resources/demos/style.css HTTP/1.1" 404 223
::1 - - [09/Dec/2019:04:52:32 -0600] "GET /active_info.php?Acitves= HTTP/1.1" 200 2115
::1 - - [09/Dec/2019:04:52:32 -0600] "GET /resources/demos/style.css HTTP/1.1" 404 223
::1 - - [09/Dec/2019:04:52:36 -0600] "GET /index.php?Return+to+main+page= HTTP/1.1" 200 6981
::1 - - [09/Dec/2019:04:52:36 -0600] "GET /resources/demos/style.css HTTP/1.1" 404 223
::1 - - [09/Dec/2019:04:52:36 -0600] "GET /resources/demos/style.css HTTP/1.1" 404 223
::1 - - [09/Dec/2019:04:52:46 -0600] "GET /remove_active.php?SID=1111&fname=Sam&lname=Weik&Submit= HTTP/1.1" 200 2624
::1 - - [09/Dec/2019:04:52:46 -0600] "GET /resources/demos/style.css HTTP/1.1" 404 223
::1 - - [09/Dec/2019:04:52:46 -0600] "GET /resources/demos/style.css HTTP/1.1" 404 223
::1 - - [09/Dec/2019:04:53:48 -0600] "GET /remove_active.php?SID=1111&fname=Sam&lname=Weik&Submit= HTTP/1.1" 200 1161
::1 - - [09/Dec/2019:04:53:48 -0600] "GET /resources/demos/style.css HTTP/1.1" 404 223
::1 - - [09/Dec/2019:04:54:22 -0600] "GET /remove_active.php?SID=1111&fname=Sam&lname=Weik&Submit= HTTP/1.1" 200 1191
::1 - - [09/Dec/2019:04:54:22 -0600] "GET /resources/demos/style.css HTTP/1.1" 404 223
::1 - - [09/Dec/2019:04:54:28 -0600] "GET /index.php?Return+to+main+page= HTTP/1.1" 200 6981
::1 - - [09/Dec/2019:04:54:28 -0600] "GET /resources/demos/style.css HTTP/1.1" 404 223
::1 - - [09/Dec/2019:04:54:39 -0600] "GET /add_active.php?ID=1111&fname=Sam&lname=Weik&major=2&gpa=3&psem=4&room=5&cclass=6&pos=7&Submit= HTTP/1.1" 200 1201
::1 - - [09/Dec/2019:04:54:39 -0600] "GET /resources/demos/style.css HTTP/1.1" 404 223
::1 - - [09/Dec/2019:04:54:42 -0600] "GET /index.php?Return+to+main+page= HTTP/1.1" 200 6981
::1 - - [09/Dec/2019:04:54:42 -0600] "GET /resources/demos/style.css HTTP/1.1" 404 223
::1 - - [09/Dec/2019:04:54:49 -0600] "GET /remove_active.php?SID=1111&fname=Sam&lname=Weik&Submit= HTTP/1.1" 200 1191
::1 - - [09/Dec/2019:04:54:49 -0600] "GET /resources/demos/style.css HTTP/1.1" 404 223
::1 - - [09/Dec/2019:04:55:22 -0600] "GET /remove_active.php?SID=1111&fname=Sam&lname=Weik&Submit= HTTP/1.1" 200 1191
::1 - - [09/Dec/2019:04:55:22 -0600] "GET /resources/demos/style.css HTTP/1.1" 404 223
::1 - - [09/Dec/2019:04:55:24 -0600] "GET /index.php?Return+to+main+page= HTTP/1.1" 200 6981
::1 - - [09/Dec/2019:04:55:24 -0600] "GET /resources/demos/style.css HTTP/1.1" 404 223
::1 - - [09/Dec/2019:04:55:33 -0600] "GET /add_active.php?ID=1111&fname=Sam&lname=Weik&major=2&gpa=3&psem=4&room=5&cclass=6&pos=7&Submit= HTTP/1.1" 200 1201
::1 - - [09/Dec/2019:04:55:33 -0600] "GET /resources/demos/style.css HTTP/1.1" 404 223
::1 - - [09/Dec/2019:04:55:35 -0600] "GET /index.php?Return+to+main+page= HTTP/1.1" 200 6981
::1 - - [09/Dec/2019:04:55:35 -0600] "GET /resources/demos/style.css HTTP/1.1" 404 223
::1 - - [09/Dec/2019:04:55:40 -0600] "GET /remove_active.php?SID=1111&fname=Sam&lname=Weik&Submit= HTTP/1.1" 200 1191
::1 - - [09/Dec/2019:04:55:41 -0600] "GET /resources/demos/style.css HTTP/1.1" 404 223
::1 - - [09/Dec/2019:04:56:34 -0600] "GET /remove_active.php?SID=1111&fname=Sam&lname=Weik&Submit= HTTP/1.1" 200 1191
::1 - - [09/Dec/2019:04:56:34 -0600] "GET /resources/demos/style.css HTTP/1.1" 404 223
::1 - - [09/Dec/2019:04:57:06 -0600] "GET /remove_active.php?SID=1111&fname=Sam&lname=Weik&Submit= HTTP/1.1" 200 1195
::1 - - [09/Dec/2019:04:57:06 -0600] "GET /resources/demos/style.css HTTP/1.1" 404 223
::1 - - [09/Dec/2019:04:57:14 -0600] "GET /index.php?Return+to+main+page= HTTP/1.1" 200 6981
::1 - - [09/Dec/2019:04:57:14 -0600] "GET /resources/demos/style.css HTTP/1.1" 404 223
::1 - - [09/Dec/2019:04:57:27 -0600] "GET /add_active.php?ID=1111&fname=Sam&lname=Weik&major=CS&gpa=2&psem=3&room=3&cclass=3&pos=6&Submit= HTTP/1.1" 200 1202
::1 - - [09/Dec/2019:04:57:27 -0600] "GET /resources/demos/style.css HTTP/1.1" 404 223
::1 - - [09/Dec/2019:04:57:30 -0600] "GET /index.php?Return+to+main+page= HTTP/1.1" 200 6981
::1 - - [09/Dec/2019:04:57:30 -0600] "GET /resources/demos/style.css HTTP/1.1" 404 223
::1 - - [09/Dec/2019:04:57:36 -0600] "GET /remove_active.php?SID=1111&fname=Sam&lname=Weik&Submit= HTTP/1.1" 200 1195
::1 - - [09/Dec/2019:04:57:37 -0600] "GET /resources/demos/style.css HTTP/1.1" 404 223
::1 - - [09/Dec/2019:04:57:40 -0600] "GET /index.php?Return+to+main+page= HTTP/1.1" 200 6981
::1 - - [09/Dec/2019:04:57:40 -0600] "GET /resources/demos/style.css HTTP/1.1" 404 223
::1 - - [09/Dec/2019:04:58:15 -0600] "GET /phpmyadmin/sql.php?server=1&db=pike&table=actives_table&pos=0 HTTP/1.1" 200 12788
::1 - - [09/Dec/2019:04:58:16 -0600] "POST /phpmyadmin/navigation.php?ajax_request=1 HTTP/1.1" 200 2185
::1 - - [09/Dec/2019:04:58:16 -0600] "GET /phpmyadmin/favicon.ico HTTP/1.1" 200 22486
::1 - - [09/Dec/2019:04:58:16 -0600] "GET /phpmyadmin/index.php?ajax_request=1&recent_table=1&no_debug=true&_nocache=1575889096339217687 HTTP/1.1" 200 1410
::1 - - [09/Dec/2019:05:00:30 -0600] "GET /active_info.php?Acitves= HTTP/1.1" 200 1930
::1 - - [09/Dec/2019:05:00:30 -0600] "GET /resources/demos/style.css HTTP/1.1" 404 223
::1 - - [09/Dec/2019:05:00:34 -0600] "GET /index.php?Return+to+main+page= HTTP/1.1" 200 6981
::1 - - [09/Dec/2019:05:00:34 -0600] "GET /resources/demos/style.css HTTP/1.1" 404 223
::1 - - [09/Dec/2019:05:00:43 -0600] "GET /remove_active.php?SID=12341234&fname=Mark&lname=Daming&Submit= HTTP/1.1" 200 1092
::1 - - [09/Dec/2019:05:00:43 -0600] "GET /resources/demos/style.css HTTP/1.1" 404 223
::1 - - [09/Dec/2019:05:00:54 -0600] "GET /index.php?Return+to+main+page= HTTP/1.1" 200 6981
::1 - - [09/Dec/2019:05:00:54 -0600] "GET /resources/demos/style.css HTTP/1.1" 404 223
::1 - - [09/Dec/2019:05:00:58 -0600] "GET /phpmyadmin/sql.php?server=1&db=pike&table=actives_table&pos=0 HTTP/1.1" 200 12653
::1 - - [09/Dec/2019:05:00:59 -0600] "POST /phpmyadmin/navigation.php?ajax_request=1 HTTP/1.1" 200 2185
::1 - - [09/Dec/2019:05:00:59 -0600] "GET /phpmyadmin/favicon.ico HTTP/1.1" 200 22486
::1 - - [09/Dec/2019:05:00:59 -0600] "GET /phpmyadmin/index.php?ajax_request=1&recent_table=1&no_debug=true&_nocache=1575889259274718912 HTTP/1.1" 200 1410
::1 - - [09/Dec/2019:05:01:47 -0600] "GET /index.php?Return+to+main+page= HTTP/1.1" 200 6981
::1 - - [09/Dec/2019:05:01:47 -0600] "GET /resources/demos/style.css HTTP/1.1" 404 223
::1 - - [09/Dec/2019:05:01:48 -0600] "GET /active_info.php?Acitves= HTTP/1.1" 200 1721
::1 - - [09/Dec/2019:05:01:48 -0600] "GET /resources/demos/style.css HTTP/1.1" 404 223
::1 - - [09/Dec/2019:05:01:50 -0600] "GET /index.php?Return+to+main+page= HTTP/1.1" 200 6981
::1 - - [09/Dec/2019:05:01:50 -0600] "GET /resources/demos/style.css HTTP/1.1" 404 223
::1 - - [09/Dec/2019:05:02:20 -0600] "GET /add_active.php?ID=1234&fname=Mark&lname=Daming&major=Computer+Science+&gpa=4.0&psem=F2K17&room=3&cclass=CS+2500&pos=None&Submit= HTTP/1.1" 200 1233
::1 - - [09/Dec/2019:05:02:20 -0600] "GET /resources/demos/style.css HTTP/1.1" 404 223
::1 - - [09/Dec/2019:05:02:52 -0600] "GET /add_active.php?ID=1234&fname=Mark&lname=Daming&major=Computer+Science+&gpa=4.0&psem=F2K17&room=3&cclass=CS+2500&pos=None&Submit= HTTP/1.1" 200 640
::1 - - [09/Dec/2019:05:02:52 -0600] "GET /resources/demos/style.css HTTP/1.1" 404 223
::1 - - [09/Dec/2019:05:02:56 -0600] "GET /add_active.php?ID=12345&fname=Mark&lname=Daming&major=Computer+Science+&gpa=4.0&psem=F2K17&room=3&cclass=CS+2500&pos=None&Submit= HTTP/1.1" 200 1236
::1 - - [09/Dec/2019:05:02:56 -0600] "GET /resources/demos/style.css HTTP/1.1" 404 223
::1 - - [09/Dec/2019:05:02:57 -0600] "GET /index.php?Return+to+main+page= HTTP/1.1" 200 6981
::1 - - [09/Dec/2019:05:02:58 -0600] "GET /resources/demos/style.css HTTP/1.1" 404 223
::1 - - [09/Dec/2019:05:03:01 -0600] "GET /phpmyadmin/sql.php?server=1&db=pike&table=actives_table&pos=0 HTTP/1.1" 200 12866
::1 - - [09/Dec/2019:05:03:01 -0600] "POST /phpmyadmin/navigation.php?ajax_request=1 HTTP/1.1" 200 2185
::1 - - [09/Dec/2019:05:03:01 -0600] "GET /phpmyadmin/favicon.ico HTTP/1.1" 200 22486
::1 - - [09/Dec/2019:05:03:01 -0600] "GET /phpmyadmin/index.php?ajax_request=1&recent_table=1&no_debug=true&_nocache=1575889381639426342 HTTP/1.1" 200 1410
::1 - - [09/Dec/2019:05:03:04 -0600] "GET /phpmyadmin/sql.php?db=pike&table=actives_table&sql_query=DELETE+FROM+%60actives_table%60+WHERE+%60actives_table%60.%60Student_ID%60+%3D+12345&message_to_show=The+row+has+been+deleted.&goto=sql.php%3Fdb%3Dpike%26table%3Dactives_table%26sql_query%3DSELECT%2B%252A%2BFROM%2B%2560actives_table%2560%26message_to_show%3DThe%2Brow%2Bhas%2Bbeen%2Bdeleted.%26goto%3Dtbl_sql.php&ajax_request=true&ajax_page_request=true&_nocache=1575889384978770380 HTTP/1.1" 200 4169
::1 - - [09/Dec/2019:05:03:05 -0600] "GET /phpmyadmin/index.php?ajax_request=1&recent_table=1&no_debug=true&_nocache=1575889385260348165 HTTP/1.1" 200 1410
::1 - - [09/Dec/2019:05:03:07 -0600] "GET /phpmyadmin/sql.php?db=pike&table=actives_table&server=1&target=&ajax_request=true&ajax_page_request=true&_nocache=1575889387113482853 HTTP/1.1" 200 7260
::1 - - [09/Dec/2019:05:03:07 -0600] "GET /phpmyadmin/index.php?ajax_request=1&recent_table=1&no_debug=true&_nocache=1575889387420351458 HTTP/1.1" 200 1410
::1 - - [09/Dec/2019:05:03:13 -0600] "GET /active_info.php?Acitves= HTTP/1.1" 200 1919
::1 - - [09/Dec/2019:05:03:13 -0600] "GET /resources/demos/style.css HTTP/1.1" 404 223
::1 - - [09/Dec/2019:05:03:15 -0600] "GET /index.php?Return+to+main+page= HTTP/1.1" 200 6981
::1 - - [09/Dec/2019:05:03:15 -0600] "GET /resources/demos/style.css HTTP/1.1" 404 223
::1 - - [09/Dec/2019:05:03:26 -0600] "GET /remove_active.php?SID=1234&fname=Mark+&lname=Daming&Submit= HTTP/1.1" 200 1089
::1 - - [09/Dec/2019:05:03:26 -0600] "GET /resources/demos/style.css HTTP/1.1" 404 223
::1 - - [09/Dec/2019:05:03:30 -0600] "GET /index.php?Return+to+main+page= HTTP/1.1" 200 6981
::1 - - [09/Dec/2019:05:03:30 -0600] "GET /resources/demos/style.css HTTP/1.1" 404 223
::1 - - [09/Dec/2019:05:03:36 -0600] "GET /fraternity_info.php?Fraternity_information= HTTP/1.1" 200 1713
::1 - - [09/Dec/2019:05:03:36 -0600] "GET /resources/demos/style.css HTTP/1.1" 404 223
::1 - - [09/Dec/2019:05:03:36 -0600] "GET /resources/demos/style.css HTTP/1.1" 404 223
::1 - - [09/Dec/2019:05:03:47 -0600] "GET /index.php?Return+to+main+page= HTTP/1.1" 200 6981
::1 - - [09/Dec/2019:05:03:47 -0600] "GET /resources/demos/style.css HTTP/1.1" 404 223
::1 - - [09/Dec/2019:05:03:48 -0600] "GET /fraternity_info.php?Fraternity_information= HTTP/1.1" 200 1711
::1 - - [09/Dec/2019:05:03:48 -0600] "GET /resources/demos/style.css HTTP/1.1" 404 223
::1 - - [09/Dec/2019:05:03:48 -0600] "GET /resources/demos/style.css HTTP/1.1" 404 223
::1 - - [09/Dec/2019:05:03:49 -0600] "GET /index.php?Return+to+main+page= HTTP/1.1" 200 6981
::1 - - [09/Dec/2019:05:03:49 -0600] "GET /resources/demos/style.css HTTP/1.1" 404 223
::1 - - [09/Dec/2019:05:07:09 -0600] "GET /phpmyadmin/sql.php?server=1&db=pike&table=exec_table&pos=0&ajax_request=true&ajax_page_request=true&_nocache=1575889629834775185 HTTP/1.1" 200 5842
::1 - - [09/Dec/2019:05:07:10 -0600] "GET /phpmyadmin/index.php?ajax_request=1&recent_table=1&no_debug=true&_nocache=1575889630149207775 HTTP/1.1" 200 1421
::1 - - [09/Dec/2019:05:08:52 -0600] "GET /index.php?Return+to+main+page= HTTP/1.1" 200 7456
::1 - - [09/Dec/2019:05:08:52 -0600] "GET /resources/demos/style.css HTTP/1.1" 404 223
::1 - - [09/Dec/2019:05:08:54 -0600] "GET /fraternity_info.php?Fraternity_information= HTTP/1.1" 200 1111
::1 - - [09/Dec/2019:05:08:54 -0600] "GET /resources/demos/style.css HTTP/1.1" 404 223
::1 - - [09/Dec/2019:05:08:55 -0600] "GET /index.php?Return+to+main+page= HTTP/1.1" 200 7456
::1 - - [09/Dec/2019:05:08:55 -0600] "GET /resources/demos/style.css HTTP/1.1" 404 223
::1 - - [09/Dec/2019:05:09:07 -0600] "GET /index.php?Return+to+main+page= HTTP/1.1" 200 7456
::1 - - [09/Dec/2019:05:09:07 -0600] "GET /resources/demos/style.css HTTP/1.1" 404 223
::1 - - [09/Dec/2019:05:09:08 -0600] "GET /index.php?singlebutton= HTTP/1.1" 200 7456
::1 - - [09/Dec/2019:05:09:08 -0600] "GET /resources/demos/style.css HTTP/1.1" 404 223
::1 - - [09/Dec/2019:05:09:09 -0600] "GET /index.php?singlebutton= HTTP/1.1" 200 7456
::1 - - [09/Dec/2019:05:09:09 -0600] "GET /resources/demos/style.css HTTP/1.1" 404 223
::1 - - [09/Dec/2019:05:09:09 -0600] "GET /index.php?singlebutton= HTTP/1.1" 200 7456
::1 - - [09/Dec/2019:05:09:09 -0600] "GET /resources/demos/style.css HTTP/1.1" 404 223
::1 - - [09/Dec/2019:05:09:36 -0600] "GET /index.php?singlebutton= HTTP/1.1" 200 7473
::1 - - [09/Dec/2019:05:09:36 -0600] "GET /resources/demos/style.css HTTP/1.1" 404 223
::1 - - [09/Dec/2019:05:09:37 -0600] "GET /exec_info.php?singlebutton= HTTP/1.1" 200 1156
::1 - - [09/Dec/2019:05:09:37 -0600] "GET /resources/demos/style.css HTTP/1.1" 404 223
::1 - - [09/Dec/2019:05:10:38 -0600] "GET /exec_info.php?singlebutton= HTTP/1.1" 200 1176
::1 - - [09/Dec/2019:05:10:38 -0600] "GET /resources/demos/style.css HTTP/1.1" 404 223
::1 - - [09/Dec/2019:05:10:48 -0600] "GET /index.php?Return+to+main+page= HTTP/1.1" 200 7473
::1 - - [09/Dec/2019:05:10:48 -0600] "GET /resources/demos/style.css HTTP/1.1" 404 223
::1 - - [09/Dec/2019:05:11:02 -0600] "GET /index.php?Return+to+main+page= HTTP/1.1" 200 7481
::1 - - [09/Dec/2019:05:11:02 -0600] "GET /resources/demos/style.css HTTP/1.1" 404 223
::1 - - [09/Dec/2019:05:11:33 -0600] "GET /index.php?Return+to+main+page= HTTP/1.1" 200 7479
::1 - - [09/Dec/2019:05:11:33 -0600] "GET /resources/demos/style.css HTTP/1.1" 404 223
::1 - - [09/Dec/2019:05:11:44 -0600] "GET /index.php?Return+to+main+page= HTTP/1.1" 200 7481
::1 - - [09/Dec/2019:05:11:44 -0600] "GET /resources/demos/style.css HTTP/1.1" 404 223
::1 - - [09/Dec/2019:05:11:55 -0600] "GET /index.php?Return+to+main+page= HTTP/1.1" 200 7486
::1 - - [09/Dec/2019:05:11:55 -0600] "GET /resources/demos/style.css HTTP/1.1" 404 223
::1 - - [09/Dec/2019:05:12:05 -0600] "GET /index.php?Return+to+main+page= HTTP/1.1" 200 7491
::1 - - [09/Dec/2019:05:12:05 -0600] "GET /resources/demos/style.css HTTP/1.1" 404 223
::1 - - [09/Dec/2019:05:12:14 -0600] "GET /fraternity_info.php?Fraternity_information= HTTP/1.1" 200 1111
::1 - - [09/Dec/2019:05:12:14 -0600] "GET /resources/demos/style.css HTTP/1.1" 404 223
::1 - - [09/Dec/2019:05:12:15 -0600] "GET /index.php?Return+to+main+page= HTTP/1.1" 200 7491
::1 - - [09/Dec/2019:05:12:15 -0600] "GET /resources/demos/style.css HTTP/1.1" 404 223
::1 - - [09/Dec/2019:05:12:15 -0600] "GET /exec_info.php?singlebutton= HTTP/1.1" 200 1176
::1 - - [09/Dec/2019:05:12:15 -0600] "GET /resources/demos/style.css HTTP/1.1" 404 223
::1 - - [09/Dec/2019:05:12:17 -0600] "GET /index.php?Return+to+main+page= HTTP/1.1" 200 7491
::1 - - [09/Dec/2019:05:12:17 -0600] "GET /resources/demos/style.css HTTP/1.1" 404 223
::1 - - [09/Dec/2019:05:12:18 -0600] "GET /active_info.php?Acitves= HTTP/1.1" 200 1721
::1 - - [09/Dec/2019:05:12:18 -0600] "GET /resources/demos/style.css HTTP/1.1" 404 223
::1 - - [09/Dec/2019:05:12:20 -0600] "GET /index.php?Return+to+main+page= HTTP/1.1" 200 7491
::1 - - [09/Dec/2019:05:12:20 -0600] "GET /resources/demos/style.css HTTP/1.1" 404 223
::1 - - [09/Dec/2019:05:13:33 -0600] "GET /search_active.php?ID=&fname=a&Submit= HTTP/1.1" 200 2034
::1 - - [09/Dec/2019:05:13:33 -0600] "GET /resources/demos/style.css HTTP/1.1" 404 223
::1 - - [09/Dec/2019:05:13:35 -0600] "GET /index.php?Return+to+main+page= HTTP/1.1" 200 7491
::1 - - [09/Dec/2019:05:13:35 -0600] "GET /resources/demos/style.css HTTP/1.1" 404 223
::1 - - [09/Dec/2019:05:13:38 -0600] "GET /search_active.php?ID=12345678&fname=&Submit= HTTP/1.1" 200 1569
::1 - - [09/Dec/2019:05:13:38 -0600] "GET /resources/demos/style.css HTTP/1.1" 404 223
::1 - - [09/Dec/2019:05:13:42 -0600] "GET /index.php?Return+to+main+page= HTTP/1.1" 200 7491
::1 - - [09/Dec/2019:05:13:42 -0600] "GET /resources/demos/style.css HTTP/1.1" 404 223
::1 - - [09/Dec/2019:05:13:52 -0600] "GET /remove_active.php?SID=12345678&fname=Alex&lname=Fischer&Submit= HTTP/1.1" 200 1093
::1 - - [09/Dec/2019:05:13:52 -0600] "GET /resources/demos/style.css HTTP/1.1" 404 223
::1 - - [09/Dec/2019:05:13:54 -0600] "GET /index.php?Return+to+main+page= HTTP/1.1" 200 7491
::1 - - [09/Dec/2019:05:13:54 -0600] "GET /resources/demos/style.css HTTP/1.1" 404 223
::1 - - [09/Dec/2019:05:13:56 -0600] "GET /active_info.php?Acitves= HTTP/1.1" 200 1480
::1 - - [09/Dec/2019:05:13:56 -0600] "GET /resources/demos/style.css HTTP/1.1" 404 223
::1 - - [09/Dec/2019:05:13:58 -0600] "GET /index.php?Return+to+main+page= HTTP/1.1" 200 7491
::1 - - [09/Dec/2019:05:13:58 -0600] "GET /resources/demos/style.css HTTP/1.1" 404 223
::1 - - [09/Dec/2019:05:14:27 -0600] "GET /add_active.php?ID=12345678&fname=Alex&lname=Fischer&major=Computer+Science&gpa=4.0&psem=F2K19&room=1&cclass=CS+2300&pos=Campus+Involment&Submit= HTTP/1.1" 200 1251
::1 - - [09/Dec/2019:05:14:27 -0600] "GET /resources/demos/style.css HTTP/1.1" 404 223
::1 - - [09/Dec/2019:05:14:29 -0600] "GET /index.php?Return+to+main+page= HTTP/1.1" 200 7491
::1 - - [09/Dec/2019:05:14:29 -0600] "GET /resources/demos/style.css HTTP/1.1" 404 223
::1 - - [09/Dec/2019:05:14:30 -0600] "GET /active_info.php?Acitves= HTTP/1.1" 200 1694
::1 - - [09/Dec/2019:05:14:30 -0600] "GET /resources/demos/style.css HTTP/1.1" 404 223
::1 - - [09/Dec/2019:05:14:32 -0600] "GET /index.php?Return+to+main+page= HTTP/1.1" 200 7491
::1 - - [09/Dec/2019:05:14:32 -0600] "GET /resources/demos/style.css HTTP/1.1" 404 223
::1 - - [09/Dec/2019:05:14:33 -0600] "GET /exec_info.php?singlebutton= HTTP/1.1" 200 1176
::1 - - [09/Dec/2019:05:14:34 -0600] "GET /resources/demos/style.css HTTP/1.1" 404 223
::1 - - [09/Dec/2019:05:14:41 -0600] "GET /index.php?Return+to+main+page= HTTP/1.1" 200 7491
::1 - - [09/Dec/2019:05:14:41 -0600] "GET /resources/demos/style.css HTTP/1.1" 404 223
::1 - - [09/Dec/2019:05:19:29 -0600] "GET /index.php?Return+to+main+page= HTTP/1.1" 200 8830
::1 - - [09/Dec/2019:05:19:29 -0600] "GET /resources/demos/style.css HTTP/1.1" 404 223
::1 - - [09/Dec/2019:05:20:41 -0600] "GET /index.php?Return+to+main+page= HTTP/1.1" 200 8830
::1 - - [09/Dec/2019:05:20:41 -0600] "GET /resources/demos/style.css HTTP/1.1" 404 223
::1 - - [09/Dec/2019:05:20:46 -0600] "GET /index.php?Return+to+main+page= HTTP/1.1" 200 9058
::1 - - [09/Dec/2019:05:20:46 -0600] "GET /resources/demos/style.css HTTP/1.1" 404 223
::1 - - [09/Dec/2019:05:21:00 -0600] "GET /add_exec.php?ID=963852&fname=Micheal&lname=Riffel&pos=Houseman&Submit= HTTP/1.1" 200 1120
::1 - - [09/Dec/2019:05:21:00 -0600] "GET /resources/demos/style.css HTTP/1.1" 404 223
::1 - - [09/Dec/2019:05:21:04 -0600] "GET /phpmyadmin/sql.php?server=1&db=pike&table=exec_table&pos=0 HTTP/1.1" 200 11443
::1 - - [09/Dec/2019:05:21:04 -0600] "GET /phpmyadmin/js/get_scripts.js.php?scripts%5B%5D=jquery/jquery.min.js&scripts%5B%5D=jquery/jquery-migrate-3.0.0.js&scripts%5B%5D=sprintf.js&scripts%5B%5D=ajax.js&scripts%5B%5D=keyhandler.js&scripts%5B%5D=jquery/jquery-ui.min.js&scripts%5B%5D=jquery/jquery.cookie.js&scripts%5B%5D=jquery/jquery.mousewheel.js&scripts%5B%5D=jquery/jquery.event.drag-2.2.js&scripts%5B%5D=jquery/jquery-ui-timepicker-addon.js&v=4.7.5 HTTP/1.1" 200 138876
::1 - - [09/Dec/2019:05:21:04 -0600] "GET /phpmyadmin/js/messages.php?l=en&v=4.7.5 HTTP/1.1" 200 8692
::1 - - [09/Dec/2019:05:21:04 -0600] "GET /phpmyadmin/js/get_image.js.php?theme=pmahomme&v=4.7.5 HTTP/1.1" 200 1841
::1 - - [09/Dec/2019:05:21:04 -0600] "GET /phpmyadmin/js/get_scripts.js.php?scripts%5B%5D=jquery/jquery.ba-hashchange-1.3.js&scripts%5B%5D=jquery/jquery.debounce-1.0.5.js&scripts%5B%5D=menu-resizer.js&scripts%5B%5D=cross_framing_protection.js&scripts%5B%5D=rte.js&scripts%5B%5D=tracekit/tracekit.js&scripts%5B%5D=error_report.js&scripts%5B%5D=config.js&scripts%5B%5D=doclinks.js&scripts%5B%5D=functions.js&v=4.7.5 HTTP/1.1" 200 77087
::1 - - [09/Dec/2019:05:21:04 -0600] "GET /phpmyadmin/js/whitelist.php?v=4.7.5 HTTP/1.1" 200 475
::1 - - [09/Dec/2019:05:21:04 -0600] "POST /phpmyadmin/navigation.php?ajax_request=1 HTTP/1.1" 200 2192
::1 - - [09/Dec/2019:05:21:04 -0600] "GET /phpmyadmin/favicon.ico HTTP/1.1" 200 22486
::1 - - [09/Dec/2019:05:21:04 -0600] "GET /phpmyadmin/index.php?ajax_request=1&recent_table=1&no_debug=true&_nocache=1575890464698100807 HTTP/1.1" 200 1421
::1 - - [09/Dec/2019:05:21:11 -0600] "GET /index.php?Return+to+main+page= HTTP/1.1" 200 9058
::1 - - [09/Dec/2019:05:21:11 -0600] "GET /resources/demos/style.css HTTP/1.1" 404 223
::1 - - [09/Dec/2019:05:22:07 -0600] "GET /index.php?Return+to+main+page= HTTP/1.1" 200 10385
::1 - - [09/Dec/2019:05:22:07 -0600] "GET /resources/demos/style.css HTTP/1.1" 404 223
::1 - - [09/Dec/2019:05:23:37 -0600] "GET /index.php?Return+to+main+page= HTTP/1.1" 200 10453
::1 - - [09/Dec/2019:05:23:37 -0600] "GET /resources/demos/style.css HTTP/1.1" 404 223
::1 - - [09/Dec/2019:05:23:45 -0600] "GET /remove_exec.php?SID=963852&fname=Micheal&lname=Riffel&Submit= HTTP/1.1" 200 1093
::1 - - [09/Dec/2019:05:23:45 -0600] "GET /resources/demos/style.css HTTP/1.1" 404 223
::1 - - [09/Dec/2019:05:23:47 -0600] "GET /index.php?Return+to+main+page= HTTP/1.1" 200 10453
::1 - - [09/Dec/2019:05:23:47 -0600] "GET /resources/demos/style.css HTTP/1.1" 404 223
::1 - - [09/Dec/2019:05:23:48 -0600] "GET /exec_info.php?singlebutton= HTTP/1.1" 200 1176
::1 - - [09/Dec/2019:05:23:48 -0600] "GET /resources/demos/style.css HTTP/1.1" 404 223
::1 - - [09/Dec/2019:05:23:50 -0600] "GET /index.php?Return+to+main+page= HTTP/1.1" 200 10453
::1 - - [09/Dec/2019:05:23:50 -0600] "GET /resources/demos/style.css HTTP/1.1" 404 223
::1 - - [09/Dec/2019:05:24:45 -0600] "-" 408 -
::1 - - [09/Dec/2019:05:37:24 -0600] "POST /phpmyadmin/logout.php HTTP/1.1" 302 8030
::1 - - [09/Dec/2019:05:37:26 -0600] "GET /phpmyadmin/index.php HTTP/1.1" 200 3376
::1 - - [09/Dec/2019:05:37:26 -0600] "GET /phpmyadmin/phpmyadmin.css.php?nocache=4528449218ltr&server=1 HTTP/1.1" 200 20133
::1 - - [09/Dec/2019:05:37:26 -0600] "GET /phpmyadmin/js/get_scripts.js.php?scripts%5B%5D=codemirror/addon/lint/lint.js&scripts%5B%5D=codemirror/addon/lint/sql-lint.js&scripts%5B%5D=console.js&v=4.7.5 HTTP/1.1" 200 13176
::1 - - [09/Dec/2019:05:37:26 -0600] "GET /phpmyadmin/js/get_scripts.js.php?scripts%5B%5D=navigation.js&scripts%5B%5D=indexes.js&scripts%5B%5D=common.js&scripts%5B%5D=page_settings.js&scripts%5B%5D=shortcuts_handler.js&scripts%5B%5D=codemirror/lib/codemirror.js&scripts%5B%5D=codemirror/mode/sql/sql.js&scripts%5B%5D=codemirror/addon/runmode/runmode.js&scripts%5B%5D=codemirror/addon/hint/show-hint.js&scripts%5B%5D=codemirror/addon/hint/sql-hint.js&v=4.7.5 HTTP/1.1" 200 135447
::1 - - [09/Dec/2019:05:39:14 -0600] "POST /phpmyadmin/index.php HTTP/1.1" 302 25
::1 - - [09/Dec/2019:05:39:15 -0600] "GET /phpmyadmin/index.php HTTP/1.1" 200 13109
::1 - - [09/Dec/2019:05:39:15 -0600] "GET /phpmyadmin/phpmyadmin.css.php?nocache=6104340773ltr&server=1 HTTP/1.1" 200 20133
::1 - - [09/Dec/2019:05:39:16 -0600] "POST /phpmyadmin/version_check.php HTTP/1.1" 200 64
::1 - - [09/Dec/2019:05:47:20 -0600] "GET /fraternity_info.php?Fraternity_information= HTTP/1.1" 200 1111
::1 - - [09/Dec/2019:05:47:20 -0600] "GET /resources/demos/style.css HTTP/1.1" 404 223
::1 - - [09/Dec/2019:05:47:20 -0600] "GET /resources/demos/style.css HTTP/1.1" 404 223
::1 - - [09/Dec/2019:05:47:46 -0600] "GET /index.php?Return+to+main+page= HTTP/1.1" 200 10453
::1 - - [09/Dec/2019:05:47:46 -0600] "GET /resources/demos/style.css HTTP/1.1" 404 223
::1 - - [09/Dec/2019:05:47:46 -0600] "GET /resources/demos/style.css HTTP/1.1" 404 223
::1 - - [09/Dec/2019:05:47:48 -0600] "GET /exec_info.php?singlebutton= HTTP/1.1" 200 1176
::1 - - [09/Dec/2019:05:47:48 -0600] "GET /resources/demos/style.css HTTP/1.1" 404 223
::1 - - [09/Dec/2019:05:47:48 -0600] "GET /resources/demos/style.css HTTP/1.1" 404 223
::1 - - [09/Dec/2019:05:48:08 -0600] "GET /index.php?Return+to+main+page= HTTP/1.1" 200 10453
::1 - - [09/Dec/2019:05:48:08 -0600] "GET /resources/demos/style.css HTTP/1.1" 404 223
::1 - - [09/Dec/2019:05:48:08 -0600] "GET /resources/demos/style.css HTTP/1.1" 404 223
::1 - - [09/Dec/2019:05:48:12 -0600] "GET /active_info.php?Acitves= HTTP/1.1" 200 1694
::1 - - [09/Dec/2019:05:48:12 -0600] "GET /resources/demos/style.css HTTP/1.1" 404 223
::1 - - [09/Dec/2019:05:48:12 -0600] "GET /resources/demos/style.css HTTP/1.1" 404 223
::1 - - [09/Dec/2019:05:49:09 -0600] "GET /add_exec.php?ID=456&fname=Micheal&lname=Riffel&pos=Houseman&Submit= HTTP/1.1" 200 1117
::1 - - [09/Dec/2019:05:49:09 -0600] "GET /resources/demos/style.css HTTP/1.1" 404 223
::1 - - [09/Dec/2019:05:49:09 -0600] "GET /resources/demos/style.css HTTP/1.1" 404 223
::1 - - [09/Dec/2019:05:49:49 -0600] "GET /index.php?Return+to+main+page= HTTP/1.1" 200 10453
::1 - - [09/Dec/2019:05:49:49 -0600] "GET /resources/demos/style.css HTTP/1.1" 404 223
::1 - - [09/Dec/2019:05:49:49 -0600] "GET /resources/demos/style.css HTTP/1.1" 404 223
::1 - - [09/Dec/2019:05:50:23 -0600] "GET /active_info.php?Acitves= HTTP/1.1" 200 1694
::1 - - [09/Dec/2019:05:50:23 -0600] "GET /resources/demos/style.css HTTP/1.1" 404 223
::1 - - [09/Dec/2019:05:50:23 -0600] "GET /resources/demos/style.css HTTP/1.1" 404 223
::1 - - [09/Dec/2019:05:51:36 -0600] "GET /phpmyadmin/navigation.php?ajax_request=1&aPath=cm9vdA%3D%3D.cGlrZQ%3D%3D&vPath=cm9vdA%3D%3D.cGlrZQ%3D%3D&pos=0&pos2_name=&pos2_value=&searchClause=&searchClause2=&_nocache=1575892296833379865 HTTP/1.1" 200 1791
::1 - - [09/Dec/2019:05:53:13 -0600] "GET /index.php?Return+to+main+page= HTTP/1.1" 200 10453
::1 - - [09/Dec/2019:05:53:13 -0600] "GET /resources/demos/style.css HTTP/1.1" 404 223
::1 - - [09/Dec/2019:05:53:13 -0600] "GET /resources/demos/style.css HTTP/1.1" 404 223
::1 - - [09/Dec/2019:05:53:17 -0600] "GET /phpmyadmin/sql.php?server=1&db=pike&table=actives_table&pos=0&ajax_request=true&ajax_page_request=true&_nocache=1575892397182535956 HTTP/1.1" 200 7147
::1 - - [09/Dec/2019:05:53:17 -0600] "GET /phpmyadmin/index.php?ajax_request=1&recent_table=1&no_debug=true&_nocache=1575892397953244001 HTTP/1.1" 200 1407
::1 - - [09/Dec/2019:05:53:22 -0600] "POST /phpmyadmin/sql.php?db=pike&table=actives_table&sql_query=DELETE+FROM+%60actives_table%60+WHERE+%60actives_table%60.%60Student_ID%60+%3D+12345678&message_to_show=The+row+has+been+deleted.&goto=sql.php%3Fdb%3Dpike%26table%3Dactives_table%26sql_query%3DSELECT%2B%252A%2BFROM%2B%2560actives_table%2560%26message_to_show%3DThe%2Brow%2Bhas%2Bbeen%2Bdeleted.%26goto%3Dtbl_sql.php HTTP/1.1" 200 1876
::1 - - [09/Dec/2019:05:53:26 -0600] "GET /phpmyadmin/sql.php?server=1&db=pike&table=exec_table&pos=0&ajax_request=true&ajax_page_request=true&_nocache=1575892406611540598 HTTP/1.1" 200 5874
::1 - - [09/Dec/2019:05:53:26 -0600] "GET /phpmyadmin/index.php?ajax_request=1&recent_table=1&no_debug=true&_nocache=1575892406847284381 HTTP/1.1" 200 1418
::1 - - [09/Dec/2019:05:53:37 -0600] "GET /phpmyadmin/tbl_structure.php?db=pike&table=exec_table&ajax_request=true&ajax_page_request=true&_nocache=157589241762579585 HTTP/1.1" 200 6198
::1 - - [09/Dec/2019:05:53:38 -0600] "GET /phpmyadmin/js/get_scripts.js.php?scripts%5B%5D=tbl_structure.js&call_done=1&v=4.7.5&call_done=1&v=4.7.5 HTTP/1.1" 200 5241
::1 - - [09/Dec/2019:05:53:38 -0600] "GET /phpmyadmin/index.php?ajax_request=1&recent_table=1&no_debug=true&_nocache=1575892418560529251 HTTP/1.1" 200 1418
::1 - - [09/Dec/2019:05:53:42 -0600] "GET /phpmyadmin/sql.php?db=pike&table=exec_table&pos=0&ajax_request=true&ajax_page_request=true&_nocache=1575892422959624543 HTTP/1.1" 200 5875
::1 - - [09/Dec/2019:05:53:43 -0600] "GET /phpmyadmin/index.php?ajax_request=1&recent_table=1&no_debug=true&_nocache=1575892423180911799 HTTP/1.1" 200 1418
::1 - - [09/Dec/2019:05:53:59 -0600] "GET /remove_exec.php?SID=456&fname=Micheal&lname=Riffel&Submit= HTTP/1.1" 200 1090
::1 - - [09/Dec/2019:05:53:59 -0600] "GET /resources/demos/style.css HTTP/1.1" 404 223
::1 - - [09/Dec/2019:05:53:59 -0600] "GET /resources/demos/style.css HTTP/1.1" 404 223
::1 - - [09/Dec/2019:05:54:01 -0600] "GET /index.php?Return+to+main+page= HTTP/1.1" 200 10453
::1 - - [09/Dec/2019:05:54:01 -0600] "GET /resources/demos/style.css HTTP/1.1" 404 223
::1 - - [09/Dec/2019:05:54:01 -0600] "GET /resources/demos/style.css HTTP/1.1" 404 223
::1 - - [09/Dec/2019:05:54:02 -0600] "GET /exec_info.php?singlebutton= HTTP/1.1" 200 1176
::1 - - [09/Dec/2019:05:54:02 -0600] "GET /resources/demos/style.css HTTP/1.1" 404 223
::1 - - [09/Dec/2019:05:54:02 -0600] "GET /resources/demos/style.css HTTP/1.1" 404 223
::1 - - [09/Dec/2019:05:54:03 -0600] "GET /index.php?Return+to+main+page= HTTP/1.1" 200 10453
::1 - - [09/Dec/2019:05:54:03 -0600] "GET /resources/demos/style.css HTTP/1.1" 404 223
::1 - - [09/Dec/2019:05:54:03 -0600] "GET /resources/demos/style.css HTTP/1.1" 404 223
::1 - - [09/Dec/2019:06:00:50 -0600] "GET /fraternity_info.php?Fraternity_information= HTTP/1.1" 200 1111
::1 - - [09/Dec/2019:06:00:50 -0600] "GET /resources/demos/style.css HTTP/1.1" 404 223
::1 - - [09/Dec/2019:06:00:50 -0600] "GET /resources/demos/style.css HTTP/1.1" 404 223
::1 - - [09/Dec/2019:06:01:03 -0600] "GET /index.php?Return+to+main+page= HTTP/1.1" 200 10453
::1 - - [09/Dec/2019:06:01:03 -0600] "GET /resources/demos/style.css HTTP/1.1" 404 223
::1 - - [09/Dec/2019:06:01:03 -0600] "GET /resources/demos/style.css HTTP/1.1" 404 223
::1 - - [09/Dec/2019:06:01:10 -0600] "GET /exec_info.php?singlebutton= HTTP/1.1" 200 1176
::1 - - [09/Dec/2019:06:01:10 -0600] "GET /resources/demos/style.css HTTP/1.1" 404 223
::1 - - [09/Dec/2019:06:01:11 -0600] "GET /resources/demos/style.css HTTP/1.1" 404 223
::1 - - [09/Dec/2019:06:02:20 -0600] "GET /index.php?Return+to+main+page= HTTP/1.1" 200 10453
::1 - - [09/Dec/2019:06:02:20 -0600] "GET /resources/demos/style.css HTTP/1.1" 404 223
::1 - - [09/Dec/2019:06:02:20 -0600] "GET /resources/demos/style.css HTTP/1.1" 404 223
::1 - - [09/Dec/2019:06:03:15 -0600] "GET /fraternity_info.php?Fraternity_information= HTTP/1.1" 200 1111
::1 - - [09/Dec/2019:06:03:15 -0600] "GET /resources/demos/style.css HTTP/1.1" 404 223
::1 - - [09/Dec/2019:06:03:15 -0600] "GET /resources/demos/style.css HTTP/1.1" 404 223
::1 - - [09/Dec/2019:06:03:25 -0600] "GET /index.php?Return+to+main+page= HTTP/1.1" 200 10453
::1 - - [09/Dec/2019:06:03:25 -0600] "GET /resources/demos/style.css HTTP/1.1" 404 223
::1 - - [09/Dec/2019:06:03:25 -0600] "GET /resources/demos/style.css HTTP/1.1" 404 223
::1 - - [09/Dec/2019:06:03:30 -0600] "GET /exec_info.php?singlebutton= HTTP/1.1" 200 1176
::1 - - [09/Dec/2019:06:03:30 -0600] "GET /resources/demos/style.css HTTP/1.1" 404 223
::1 - - [09/Dec/2019:06:03:30 -0600] "GET /resources/demos/style.css HTTP/1.1" 404 223
::1 - - [09/Dec/2019:06:03:50 -0600] "GET /index.php?Return+to+main+page= HTTP/1.1" 200 10453
::1 - - [09/Dec/2019:06:03:50 -0600] "GET /resources/demos/style.css HTTP/1.1" 404 223
::1 - - [09/Dec/2019:06:03:50 -0600] "GET /resources/demos/style.css HTTP/1.1" 404 223
::1 - - [09/Dec/2019:06:04:03 -0600] "GET /add_exec.php?ID=456&fname=Micheal&lname=Riffel&pos=Houseman&Submit= HTTP/1.1" 200 1117
::1 - - [09/Dec/2019:06:04:03 -0600] "GET /resources/demos/style.css HTTP/1.1" 404 223
::1 - - [09/Dec/2019:06:04:03 -0600] "GET /resources/demos/style.css HTTP/1.1" 404 223
::1 - - [09/Dec/2019:06:04:06 -0600] "GET /index.php?Return+to+main+page= HTTP/1.1" 200 10453
::1 - - [09/Dec/2019:06:04:06 -0600] "GET /resources/demos/style.css HTTP/1.1" 404 223
::1 - - [09/Dec/2019:06:04:06 -0600] "GET /resources/demos/style.css HTTP/1.1" 404 223
::1 - - [09/Dec/2019:06:04:08 -0600] "GET /exec_info.php?singlebutton= HTTP/1.1" 200 1263
::1 - - [09/Dec/2019:06:04:08 -0600] "GET /resources/demos/style.css HTTP/1.1" 404 223
::1 - - [09/Dec/2019:06:04:08 -0600] "GET /resources/demos/style.css HTTP/1.1" 404 223
::1 - - [09/Dec/2019:06:04:13 -0600] "GET /index.php?Return+to+main+page= HTTP/1.1" 200 10453
::1 - - [09/Dec/2019:06:04:13 -0600] "GET /resources/demos/style.css HTTP/1.1" 404 223
::1 - - [09/Dec/2019:06:04:13 -0600] "GET /resources/demos/style.css HTTP/1.1" 404 223
::1 - - [09/Dec/2019:06:04:33 -0600] "GET /remove_exec.php?SID=456&fname=Micheal&lname=Riffel&Submit= HTTP/1.1" 200 1090
::1 - - [09/Dec/2019:06:04:33 -0600] "GET /resources/demos/style.css HTTP/1.1" 404 223
::1 - - [09/Dec/2019:06:04:33 -0600] "GET /resources/demos/style.css HTTP/1.1" 404 223
::1 - - [09/Dec/2019:06:04:36 -0600] "GET /index.php?Return+to+main+page= HTTP/1.1" 200 10453
::1 - - [09/Dec/2019:06:04:36 -0600] "GET /resources/demos/style.css HTTP/1.1" 404 223
::1 - - [09/Dec/2019:06:04:36 -0600] "GET /resources/demos/style.css HTTP/1.1" 404 223
::1 - - [09/Dec/2019:06:04:37 -0600] "GET /exec_info.php?singlebutton= HTTP/1.1" 200 1176
::1 - - [09/Dec/2019:06:04:37 -0600] "GET /resources/demos/style.css HTTP/1.1" 404 223
::1 - - [09/Dec/2019:06:04:37 -0600] "GET /resources/demos/style.css HTTP/1.1" 404 223
::1 - - [09/Dec/2019:06:04:40 -0600] "GET /phpmyadmin/sql.php?db=pike&table=exec_table&pos=0 HTTP/1.1" 200 11400
::1 - - [09/Dec/2019:06:04:41 -0600] "GET /phpmyadmin/favicon.ico HTTP/1.1" 200 22486
::1 - - [09/Dec/2019:06:04:40 -0600] "POST /phpmyadmin/navigation.php?ajax_request=1 HTTP/1.1" 200 2191
::1 - - [09/Dec/2019:06:04:40 -0600] "GET /phpmyadmin/index.php?ajax_request=1&recent_table=1&no_debug=true&_nocache=1575893080969369568 HTTP/1.1" 200 1418
::1 - - [09/Dec/2019:06:04:47 -0600] "GET /index.php?Return+to+main+page= HTTP/1.1" 200 10453
::1 - - [09/Dec/2019:06:04:47 -0600] "GET /resources/demos/style.css HTTP/1.1" 404 223
::1 - - [09/Dec/2019:06:04:47 -0600] "GET /resources/demos/style.css HTTP/1.1" 404 223
::1 - - [09/Dec/2019:06:04:54 -0600] "GET /active_info.php?Acitves= HTTP/1.1" 200 1480
::1 - - [09/Dec/2019:06:04:54 -0600] "GET /resources/demos/style.css HTTP/1.1" 404 223
::1 - - [09/Dec/2019:06:04:54 -0600] "GET /resources/demos/style.css HTTP/1.1" 404 223
::1 - - [09/Dec/2019:06:05:09 -0600] "GET /index.php?Return+to+main+page= HTTP/1.1" 200 10453
::1 - - [09/Dec/2019:06:05:09 -0600] "GET /resources/demos/style.css HTTP/1.1" 404 223
::1 - - [09/Dec/2019:06:05:09 -0600] "GET /resources/demos/style.css HTTP/1.1" 404 223
::1 - - [09/Dec/2019:06:05:22 -0600] "GET /search_active.php?ID=&fname=Alex&Submit= HTTP/1.1" 200 1578
::1 - - [09/Dec/2019:06:05:22 -0600] "GET /resources/demos/style.css HTTP/1.1" 404 223
::1 - - [09/Dec/2019:06:05:22 -0600] "GET /resources/demos/style.css HTTP/1.1" 404 223
::1 - - [09/Dec/2019:06:05:25 -0600] "GET /index.php?Return+to+main+page= HTTP/1.1" 200 10453
::1 - - [09/Dec/2019:06:05:25 -0600] "GET /resources/demos/style.css HTTP/1.1" 404 223
::1 - - [09/Dec/2019:06:05:25 -0600] "GET /resources/demos/style.css HTTP/1.1" 404 223
::1 - - [09/Dec/2019:06:05:54 -0600] "GET /add_active.php?ID=12345678&fname=Alex&lname=Fischer&major=Computer+Sciecne&gpa=4.0&psem=F2K19&room=1&cclass=CS2300&pos=Campus+Involment&Submit= HTTP/1.1" 200 1250
::1 - - [09/Dec/2019:06:05:54 -0600] "GET /resources/demos/style.css HTTP/1.1" 404 223
::1 - - [09/Dec/2019:06:05:54 -0600] "GET /resources/demos/style.css HTTP/1.1" 404 223
::1 - - [09/Dec/2019:06:05:57 -0600] "GET /index.php?Return+to+main+page= HTTP/1.1" 200 10453
::1 - - [09/Dec/2019:06:05:57 -0600] "GET /resources/demos/style.css HTTP/1.1" 404 223
::1 - - [09/Dec/2019:06:05:57 -0600] "GET /resources/demos/style.css HTTP/1.1" 404 223
::1 - - [09/Dec/2019:06:06:01 -0600] "GET /active_info.php?Acitves= HTTP/1.1" 200 1693
::1 - - [09/Dec/2019:06:06:01 -0600] "GET /resources/demos/style.css HTTP/1.1" 404 223
::1 - - [09/Dec/2019:06:06:01 -0600] "GET /resources/demos/style.css HTTP/1.1" 404 223
::1 - - [09/Dec/2019:06:06:05 -0600] "GET /phpmyadmin/sql.php?server=1&db=pike&table=actives_table&pos=0&ajax_request=true&ajax_page_request=true&_nocache=157589316541214329 HTTP/1.1" 200 7155
::1 - - [09/Dec/2019:06:06:05 -0600] "GET /phpmyadmin/index.php?ajax_request=1&recent_table=1&no_debug=true&_nocache=157589316567393370 HTTP/1.1" 200 1418
::1 - - [09/Dec/2019:06:06:16 -0600] "GET /index.php?Return+to+main+page= HTTP/1.1" 200 10453
::1 - - [09/Dec/2019:06:06:16 -0600] "GET /resources/demos/style.css HTTP/1.1" 404 223
::1 - - [09/Dec/2019:06:06:16 -0600] "GET /resources/demos/style.css HTTP/1.1" 404 223
::1 - - [09/Dec/2019:06:06:22 -0600] "GET /search_active.php?ID=&fname=Alex&Submit= HTTP/1.1" 200 1791
::1 - - [09/Dec/2019:06:06:22 -0600] "GET /resources/demos/style.css HTTP/1.1" 404 223
::1 - - [09/Dec/2019:06:06:22 -0600] "GET /resources/demos/style.css HTTP/1.1" 404 223
::1 - - [09/Dec/2019:06:06:28 -0600] "GET /index.php?Return+to+main+page= HTTP/1.1" 200 10453
::1 - - [09/Dec/2019:06:06:28 -0600] "GET /resources/demos/style.css HTTP/1.1" 404 223
::1 - - [09/Dec/2019:06:06:28 -0600] "GET /resources/demos/style.css HTTP/1.1" 404 223
::1 - - [09/Dec/2019:06:06:36 -0600] "GET /search_active.php?ID=12345678&fname=Alex&Submit= HTTP/1.1" 200 1541
::1 - - [09/Dec/2019:06:06:36 -0600] "GET /resources/demos/style.css HTTP/1.1" 404 223
::1 - - [09/Dec/2019:06:06:36 -0600] "GET /resources/demos/style.css HTTP/1.1" 404 223
::1 - - [09/Dec/2019:06:06:44 -0600] "GET /index.php?Return+to+main+page= HTTP/1.1" 200 10453
::1 - - [09/Dec/2019:06:06:44 -0600] "GET /resources/demos/style.css HTTP/1.1" 404 223
::1 - - [09/Dec/2019:06:06:44 -0600] "GET /resources/demos/style.css HTTP/1.1" 404 223
::1 - - [09/Dec/2019:06:06:49 -0600] "GET /search_active.php?ID=12345678&fname=&Submit= HTTP/1.1" 200 1541
::1 - - [09/Dec/2019:06:06:49 -0600] "GET /resources/demos/style.css HTTP/1.1" 404 223
::1 - - [09/Dec/2019:06:06:49 -0600] "GET /resources/demos/style.css HTTP/1.1" 404 223
::1 - - [09/Dec/2019:06:06:54 -0600] "GET /index.php?Return+to+main+page= HTTP/1.1" 200 10453
::1 - - [09/Dec/2019:06:06:54 -0600] "GET /resources/demos/style.css HTTP/1.1" 404 223
::1 - - [09/Dec/2019:06:06:54 -0600] "GET /resources/demos/style.css HTTP/1.1" 404 223
::1 - - [09/Dec/2019:06:07:03 -0600] "GET /add_active.php?ID=12345678&fname=1&lname=1&major=1&gpa=1&psem=1&room=1&cclass=1&pos=1&Submit= HTTP/1.1" 200 644
::1 - - [09/Dec/2019:06:07:03 -0600] "GET /resources/demos/style.css HTTP/1.1" 404 223
::1 - - [09/Dec/2019:06:07:03 -0600] "GET /resources/demos/style.css HTTP/1.1" 404 223
::1 - - [09/Dec/2019:06:07:43 -0600] "GET /phpmyadmin/sql.php?server=1&db=pike&table=actives_table&pos=0 HTTP/1.1" 200 12667
::1 - - [09/Dec/2019:06:07:44 -0600] "POST /phpmyadmin/navigation.php?ajax_request=1 HTTP/1.1" 200 2191
::1 - - [09/Dec/2019:06:07:44 -0600] "GET /phpmyadmin/favicon.ico HTTP/1.1" 200 22486
::1 - - [09/Dec/2019:06:07:44 -0600] "GET /phpmyadmin/index.php?ajax_request=1&recent_table=1&no_debug=true&_nocache=157589326451525036 HTTP/1.1" 200 1418
::1 - - [09/Dec/2019:06:07:47 -0600] "GET /remove_active.php?SID=12345678&fname=Alex&lname=Fischer&Submit= HTTP/1.1" 200 1093
::1 - - [09/Dec/2019:06:07:47 -0600] "GET /resources/demos/style.css HTTP/1.1" 404 223
::1 - - [09/Dec/2019:06:07:47 -0600] "GET /resources/demos/style.css HTTP/1.1" 404 223
::1 - - [09/Dec/2019:06:07:50 -0600] "GET /index.php?Return+to+main+page= HTTP/1.1" 200 10453
::1 - - [09/Dec/2019:06:07:50 -0600] "GET /resources/demos/style.css HTTP/1.1" 404 223
::1 - - [09/Dec/2019:06:07:50 -0600] "GET /resources/demos/style.css HTTP/1.1" 404 223
::1 - - [09/Dec/2019:06:07:52 -0600] "GET /phpmyadmin/sql.php?server=1&db=pike&table=actives_table&pos=0 HTTP/1.1" 200 12543
::1 - - [09/Dec/2019:06:07:52 -0600] "POST /phpmyadmin/navigation.php?ajax_request=1 HTTP/1.1" 200 2191
::1 - - [09/Dec/2019:06:07:53 -0600] "GET /phpmyadmin/favicon.ico HTTP/1.1" 200 22486
::1 - - [09/Dec/2019:06:07:52 -0600] "GET /phpmyadmin/index.php?ajax_request=1&recent_table=1&no_debug=true&_nocache=157589327297743907 HTTP/1.1" 200 1418
::1 - - [09/Dec/2019:06:09:00 -0600] "GET / HTTP/1.1" 200 10453
::1 - - [09/Dec/2019:06:09:00 -0600] "GET /resources/demos/style.css HTTP/1.1" 404 223
::1 - - [09/Dec/2019:06:09:00 -0600] "GET /resources/demos/style.css HTTP/1.1" 404 223
::1 - - [09/Dec/2019:06:09:04 -0600] "GET /phpmyadmin/ HTTP/1.1" 200 13148
::1 - - [09/Dec/2019:06:09:05 -0600] "POST /phpmyadmin/navigation.php?ajax_request=1 HTTP/1.1" 200 1896
::1 - - [09/Dec/2019:06:09:05 -0600] "POST /phpmyadmin/version_check.php HTTP/1.1" 200 64
::1 - - [09/Dec/2019:06:09:10 -0600] "POST /phpmyadmin/logout.php?db= HTTP/1.1" 302 8026
::1 - - [09/Dec/2019:06:09:10 -0600] "GET /phpmyadmin/index.php HTTP/1.1" 200 3373
::1 - - [09/Dec/2019:06:09:26 -0600] "GET /phpmyadmin/ HTTP/1.1" 200 3375
::1 - - [09/Dec/2019:06:09:37 -0600] "POST /phpmyadmin/index.php HTTP/1.1" 302 25
::1 - - [09/Dec/2019:06:09:37 -0600] "GET /phpmyadmin/index.php HTTP/1.1" 200 13110
::1 - - [09/Dec/2019:06:09:37 -0600] "GET /phpmyadmin/phpmyadmin.css.php?nocache=6104342595ltr&server=1 HTTP/1.1" 200 20133
::1 - - [09/Dec/2019:06:09:37 -0600] "POST /phpmyadmin/navigation.php?ajax_request=1 HTTP/1.1" 200 1847
::1 - - [09/Dec/2019:06:09:37 -0600] "POST /phpmyadmin/version_check.php HTTP/1.1" 200 64
