2019-12-09 00:03:44 10580 [Note] Plugin 'FEDERATED' is disabled.
2019-12-09 00:03:44 10580 [Note] InnoDB: Using atomics to ref count buffer pool pages
2019-12-09 00:03:44 10580 [Note] InnoDB: The InnoDB memory heap is disabled
2019-12-09 00:03:44 10580 [Note] InnoDB: Mutexes and rw_locks use Windows interlocked functions
2019-12-09 00:03:44 10580 [Note] InnoDB: Memory barrier is not used
2019-12-09 00:03:44 10580 [Note] InnoDB: Compressed tables use zlib 1.2.3
2019-12-09 00:03:44 10580 [Note] InnoDB: Not using CPU crc32 instructions
2019-12-09 00:03:44 10580 [Note] InnoDB: Initializing buffer pool, size = 128.0M
2019-12-09 00:03:44 10580 [Note] InnoDB: Completed initialization of buffer pool
2019-12-09 00:03:44 10580 [Note] InnoDB: Highest supported file format is Barracuda.
2019-12-09 00:03:44 10580 [Note] InnoDB: The log sequence numbers 1626134 and 1626134 in ibdata files do not match the log sequence number 1794907 in the ib_logfiles!
2019-12-09 00:03:44 10580 [Note] InnoDB: Database was not shutdown normally!
2019-12-09 00:03:44 10580 [Note] InnoDB: Starting crash recovery.
2019-12-09 00:03:44 10580 [Note] InnoDB: Reading tablespace information from the .ibd files...
2019-12-09 00:03:44 10580 [Note] InnoDB: Restoring possible half-written data pages 
2019-12-09 00:03:44 10580 [Note] InnoDB: from the doublewrite buffer...
2019-12-09 00:03:44 10580 [Note] InnoDB: 128 rollback segment(s) are active.
2019-12-09 00:03:44 10580 [Note] InnoDB: Waiting for purge to start
2019-12-09 00:03:44 10580 [Note] InnoDB: 5.6.34 started; log sequence number 1794907
2019-12-09 00:03:44 10580 [Note] Server hostname (bind-address): '*'; port: 3306
2019-12-09 00:03:44 10580 [Note] IPv6 is available.
2019-12-09 00:03:44 10580 [Note]   - '::' resolves to '::';
2019-12-09 00:03:44 10580 [Note] Server socket created on IP: '::'.
2019-12-09 00:03:44 10580 [ERROR] Can't start server: Bind on TCP/IP port: No such file or directory
2019-12-09 00:03:44 10580 [ERROR] Do you already have another mysqld server running on port: 3306 ?
2019-12-09 00:03:44 10580 [ERROR] Aborting

2019-12-09 00:03:44 10580 [Note] Binlog end
2019-12-09 00:03:44 10580 [Note] Shutting down plugin 'partition'
2019-12-09 00:03:44 10580 [Note] Shutting down plugin 'PERFORMANCE_SCHEMA'
2019-12-09 00:03:44 10580 [Note] Shutting down plugin 'INNODB_SYS_DATAFILES'
2019-12-09 00:03:44 10580 [Note] Shutting down plugin 'INNODB_SYS_TABLESPACES'
2019-12-09 00:03:44 10580 [Note] Shutting down plugin 'INNODB_SYS_FOREIGN_COLS'
2019-12-09 00:03:44 10580 [Note] Shutting down plugin 'INNODB_SYS_FOREIGN'
2019-12-09 00:03:44 10580 [Note] Shutting down plugin 'INNODB_SYS_FIELDS'
2019-12-09 00:03:44 10580 [Note] Shutting down plugin 'INNODB_SYS_COLUMNS'
2019-12-09 00:03:44 10580 [Note] Shutting down plugin 'INNODB_SYS_INDEXES'
2019-12-09 00:03:44 10580 [Note] Shutting down plugin 'INNODB_SYS_TABLESTATS'
2019-12-09 00:03:44 10580 [Note] Shutting down plugin 'INNODB_SYS_TABLES'
2019-12-09 00:03:44 10580 [Note] Shutting down plugin 'INNODB_FT_INDEX_TABLE'
2019-12-09 00:03:44 10580 [Note] Shutting down plugin 'INNODB_FT_INDEX_CACHE'
2019-12-09 00:03:44 10580 [Note] Shutting down plugin 'INNODB_FT_CONFIG'
2019-12-09 00:03:44 10580 [Note] Shutting down plugin 'INNODB_FT_BEING_DELETED'
2019-12-09 00:03:44 10580 [Note] Shutting down plugin 'INNODB_FT_DELETED'
2019-12-09 00:03:44 10580 [Note] Shutting down plugin 'INNODB_FT_DEFAULT_STOPWORD'
2019-12-09 00:03:44 10580 [Note] Shutting down plugin 'INNODB_METRICS'
2019-12-09 00:03:44 10580 [Note] Shutting down plugin 'INNODB_BUFFER_POOL_STATS'
2019-12-09 00:03:44 10580 [Note] Shutting down plugin 'INNODB_BUFFER_PAGE_LRU'
2019-12-09 00:03:44 10580 [Note] Shutting down plugin 'INNODB_BUFFER_PAGE'
2019-12-09 00:03:44 10580 [Note] Shutting down plugin 'INNODB_CMP_PER_INDEX_RESET'
2019-12-09 00:03:44 10580 [Note] Shutting down plugin 'INNODB_CMP_PER_INDEX'
2019-12-09 00:03:44 10580 [Note] Shutting down plugin 'INNODB_CMPMEM_RESET'
2019-12-09 00:03:44 10580 [Note] Shutting down plugin 'INNODB_CMPMEM'
2019-12-09 00:03:44 10580 [Note] Shutting down plugin 'INNODB_CMP_RESET'
2019-12-09 00:03:44 10580 [Note] Shutting down plugin 'INNODB_CMP'
2019-12-09 00:03:44 10580 [Note] Shutting down plugin 'INNODB_LOCK_WAITS'
2019-12-09 00:03:44 10580 [Note] Shutting down plugin 'INNODB_LOCKS'
2019-12-09 00:03:44 10580 [Note] Shutting down plugin 'INNODB_TRX'
2019-12-09 00:03:44 10580 [Note] Shutting down plugin 'InnoDB'
2019-12-09 00:03:44 10580 [Note] InnoDB: FTS optimize thread exiting.
2019-12-09 00:03:44 10580 [Note] InnoDB: Starting shutdown...
2019-12-09 00:03:46 10580 [Note] InnoDB: Shutdown completed; log sequence number 1794917
2019-12-09 00:03:46 10580 [Note] Shutting down plugin 'BLACKHOLE'
2019-12-09 00:03:46 10580 [Note] Shutting down plugin 'ARCHIVE'
2019-12-09 00:03:46 10580 [Note] Shutting down plugin 'MRG_MYISAM'
2019-12-09 00:03:46 10580 [Note] Shutting down plugin 'MyISAM'
2019-12-09 00:03:46 10580 [Note] Shutting down plugin 'MEMORY'
2019-12-09 00:03:46 10580 [Note] Shutting down plugin 'CSV'
2019-12-09 00:03:46 10580 [Note] Shutting down plugin 'sha256_password'
2019-12-09 00:03:46 10580 [Note] Shutting down plugin 'mysql_old_password'
2019-12-09 00:03:46 10580 [Note] Shutting down plugin 'mysql_native_password'
2019-12-09 00:03:46 10580 [Note] Shutting down plugin 'binlog'
2019-12-09 00:03:46 10580 [Note] G:\usbwebserver/mysql/bin/mysqld_usbwv8.exe: Shutdown complete

