2019-12-08 23:20:19 12988 [Note] Plugin 'FEDERATED' is disabled.
2019-12-08 23:20:19 12988 [Note] InnoDB: Using atomics to ref count buffer pool pages
2019-12-08 23:20:19 12988 [Note] InnoDB: The InnoDB memory heap is disabled
2019-12-08 23:20:19 12988 [Note] InnoDB: Mutexes and rw_locks use Windows interlocked functions
2019-12-08 23:20:19 12988 [Note] InnoDB: Memory barrier is not used
2019-12-08 23:20:19 12988 [Note] InnoDB: Compressed tables use zlib 1.2.3
2019-12-08 23:20:19 12988 [Note] InnoDB: Not using CPU crc32 instructions
2019-12-08 23:20:19 12988 [Note] InnoDB: Initializing buffer pool, size = 128.0M
2019-12-08 23:20:19 12988 [Note] InnoDB: Completed initialization of buffer pool
2019-12-08 23:20:19 12988 [Note] InnoDB: Highest supported file format is Barracuda.
2019-12-08 23:20:20 12988 [Note] InnoDB: The log sequence numbers 1626134 and 1626134 in ibdata files do not match the log sequence number 1794857 in the ib_logfiles!
2019-12-08 23:20:20 12988 [Note] InnoDB: Database was not shutdown normally!
2019-12-08 23:20:20 12988 [Note] InnoDB: Starting crash recovery.
2019-12-08 23:20:20 12988 [Note] InnoDB: Reading tablespace information from the .ibd files...
2019-12-08 23:20:20 12988 [Note] InnoDB: Restoring possible half-written data pages 
2019-12-08 23:20:20 12988 [Note] InnoDB: from the doublewrite buffer...
2019-12-08 23:20:20 12988 [Note] InnoDB: 128 rollback segment(s) are active.
2019-12-08 23:20:20 12988 [Note] InnoDB: Waiting for purge to start
2019-12-08 23:20:20 12988 [Note] InnoDB: 5.6.34 started; log sequence number 1794857
2019-12-08 23:20:20 12988 [Note] Server hostname (bind-address): '*'; port: 3306
2019-12-08 23:20:20 12988 [Note] IPv6 is available.
2019-12-08 23:20:20 12988 [Note]   - '::' resolves to '::';
2019-12-08 23:20:20 12988 [Note] Server socket created on IP: '::'.
2019-12-08 23:46:11 2408 [Note] Plugin 'FEDERATED' is disabled.
2019-12-08 23:46:11 2408 [Note] InnoDB: Using atomics to ref count buffer pool pages
2019-12-08 23:46:11 2408 [Note] InnoDB: The InnoDB memory heap is disabled
2019-12-08 23:46:11 2408 [Note] InnoDB: Mutexes and rw_locks use Windows interlocked functions
2019-12-08 23:46:11 2408 [Note] InnoDB: Memory barrier is not used
2019-12-08 23:46:11 2408 [Note] InnoDB: Compressed tables use zlib 1.2.3
2019-12-08 23:46:11 2408 [Note] InnoDB: Not using CPU crc32 instructions
2019-12-08 23:46:11 2408 [Note] InnoDB: Initializing buffer pool, size = 128.0M
2019-12-08 23:46:11 2408 [Note] InnoDB: Completed initialization of buffer pool
2019-12-08 23:46:11 2408 [Note] InnoDB: Highest supported file format is Barracuda.
2019-12-08 23:46:11 2408 [Note] InnoDB: The log sequence numbers 1626134 and 1626134 in ibdata files do not match the log sequence number 1794867 in the ib_logfiles!
2019-12-08 23:46:11 2408 [Note] InnoDB: Database was not shutdown normally!
2019-12-08 23:46:11 2408 [Note] InnoDB: Starting crash recovery.
2019-12-08 23:46:11 2408 [Note] InnoDB: Reading tablespace information from the .ibd files...
2019-12-08 23:46:11 2408 [Note] InnoDB: Restoring possible half-written data pages 
2019-12-08 23:46:11 2408 [Note] InnoDB: from the doublewrite buffer...
2019-12-08 23:46:11 2408 [Note] InnoDB: 128 rollback segment(s) are active.
2019-12-08 23:46:11 2408 [Note] InnoDB: Waiting for purge to start
2019-12-08 23:46:11 2408 [Note] InnoDB: 5.6.34 started; log sequence number 1794867
2019-12-08 23:46:11 2408 [Note] Server hostname (bind-address): '*'; port: 3306
2019-12-08 23:46:11 2408 [Note] IPv6 is available.
2019-12-08 23:46:11 2408 [Note]   - '::' resolves to '::';
2019-12-08 23:46:11 2408 [Note] Server socket created on IP: '::'.
2019-12-08 23:47:20 6348 [Note] Plugin 'FEDERATED' is disabled.
2019-12-08 23:47:20 6348 [Note] InnoDB: Using atomics to ref count buffer pool pages
2019-12-08 23:47:20 6348 [Note] InnoDB: The InnoDB memory heap is disabled
2019-12-08 23:47:20 6348 [Note] InnoDB: Mutexes and rw_locks use Windows interlocked functions
2019-12-08 23:47:20 6348 [Note] InnoDB: Memory barrier is not used
2019-12-08 23:47:20 6348 [Note] InnoDB: Compressed tables use zlib 1.2.3
2019-12-08 23:47:20 6348 [Note] InnoDB: Not using CPU crc32 instructions
2019-12-08 23:47:20 6348 [Note] InnoDB: Initializing buffer pool, size = 128.0M
2019-12-08 23:47:20 6348 [Note] InnoDB: Completed initialization of buffer pool
2019-12-08 23:47:20 6348 [Note] InnoDB: Highest supported file format is Barracuda.
2019-12-08 23:47:20 6348 [Note] InnoDB: The log sequence numbers 1626134 and 1626134 in ibdata files do not match the log sequence number 1794877 in the ib_logfiles!
2019-12-08 23:47:20 6348 [Note] InnoDB: Database was not shutdown normally!
2019-12-08 23:47:20 6348 [Note] InnoDB: Starting crash recovery.
2019-12-08 23:47:20 6348 [Note] InnoDB: Reading tablespace information from the .ibd files...
2019-12-08 23:47:20 6348 [Note] InnoDB: Restoring possible half-written data pages 
2019-12-08 23:47:20 6348 [Note] InnoDB: from the doublewrite buffer...
2019-12-08 23:47:21 6348 [Note] InnoDB: 128 rollback segment(s) are active.
2019-12-08 23:47:21 6348 [Note] InnoDB: Waiting for purge to start
2019-12-08 23:47:21 6348 [Note] InnoDB: 5.6.34 started; log sequence number 1794877
2019-12-08 23:47:21 6348 [Note] Server hostname (bind-address): '*'; port: 3306
2019-12-08 23:47:21 6348 [Note] IPv6 is available.
2019-12-08 23:47:21 6348 [Note]   - '::' resolves to '::';
2019-12-08 23:47:21 6348 [Note] Server socket created on IP: '::'.
2019-12-08 23:48:21 13760 [Note] Plugin 'FEDERATED' is disabled.
2019-12-08 23:48:21 13760 [Note] InnoDB: Using atomics to ref count buffer pool pages
2019-12-08 23:48:21 13760 [Note] InnoDB: The InnoDB memory heap is disabled
2019-12-08 23:48:21 13760 [Note] InnoDB: Mutexes and rw_locks use Windows interlocked functions
2019-12-08 23:48:21 13760 [Note] InnoDB: Memory barrier is not used
2019-12-08 23:48:21 13760 [Note] InnoDB: Compressed tables use zlib 1.2.3
2019-12-08 23:48:21 13760 [Note] InnoDB: Not using CPU crc32 instructions
2019-12-08 23:48:21 13760 [Note] InnoDB: Initializing buffer pool, size = 128.0M
2019-12-08 23:48:21 13760 [Note] InnoDB: Completed initialization of buffer pool
2019-12-08 23:48:22 13760 [Note] InnoDB: Highest supported file format is Barracuda.
2019-12-08 23:48:22 13760 [Note] InnoDB: The log sequence numbers 1626134 and 1626134 in ibdata files do not match the log sequence number 1794887 in the ib_logfiles!
2019-12-08 23:48:22 13760 [Note] InnoDB: Database was not shutdown normally!
2019-12-08 23:48:22 13760 [Note] InnoDB: Starting crash recovery.
2019-12-08 23:48:22 13760 [Note] InnoDB: Reading tablespace information from the .ibd files...
2019-12-08 23:48:22 13760 [Note] InnoDB: Restoring possible half-written data pages 
2019-12-08 23:48:22 13760 [Note] InnoDB: from the doublewrite buffer...
2019-12-08 23:48:22 13760 [Note] InnoDB: 128 rollback segment(s) are active.
2019-12-08 23:48:22 13760 [Note] InnoDB: Waiting for purge to start
2019-12-08 23:48:22 13760 [Note] InnoDB: 5.6.34 started; log sequence number 1794887
2019-12-08 23:48:22 13760 [Note] Server hostname (bind-address): '*'; port: 3306
2019-12-08 23:48:22 13760 [Note] IPv6 is available.
2019-12-08 23:48:22 13760 [Note]   - '::' resolves to '::';
2019-12-08 23:48:22 13760 [Note] Server socket created on IP: '::'.
