2019-12-08 23:52:06 3308 [Note] Plugin 'FEDERATED' is disabled.
2019-12-08 23:52:06 3308 [Note] InnoDB: Using atomics to ref count buffer pool pages
2019-12-08 23:52:06 3308 [Note] InnoDB: The InnoDB memory heap is disabled
2019-12-08 23:52:06 3308 [Note] InnoDB: Mutexes and rw_locks use Windows interlocked functions
2019-12-08 23:52:06 3308 [Note] InnoDB: Memory barrier is not used
2019-12-08 23:52:06 3308 [Note] InnoDB: Compressed tables use zlib 1.2.3
2019-12-08 23:52:06 3308 [Note] InnoDB: Not using CPU crc32 instructions
2019-12-08 23:52:06 3308 [Note] InnoDB: Initializing buffer pool, size = 128.0M
2019-12-08 23:52:06 3308 [Note] InnoDB: Completed initialization of buffer pool
2019-12-08 23:52:06 3308 [Note] InnoDB: Highest supported file format is Barracuda.
2019-12-08 23:52:06 3308 [Note] InnoDB: The log sequence numbers 1626134 and 1626134 in ibdata files do not match the log sequence number 1794897 in the ib_logfiles!
2019-12-08 23:52:06 3308 [Note] InnoDB: Database was not shutdown normally!
2019-12-08 23:52:06 3308 [Note] InnoDB: Starting crash recovery.
2019-12-08 23:52:06 3308 [Note] InnoDB: Reading tablespace information from the .ibd files...
2019-12-08 23:52:06 3308 [Note] InnoDB: Restoring possible half-written data pages 
2019-12-08 23:52:06 3308 [Note] InnoDB: from the doublewrite buffer...
2019-12-08 23:52:07 3308 [Note] InnoDB: 128 rollback segment(s) are active.
2019-12-08 23:52:07 3308 [Note] InnoDB: Waiting for purge to start
2019-12-08 23:52:07 3308 [Note] InnoDB: 5.6.34 started; log sequence number 1794897
2019-12-08 23:52:08 3308 [Note] Server hostname (bind-address): '*'; port: 3306
2019-12-08 23:52:08 3308 [Note] IPv6 is available.
2019-12-08 23:52:08 3308 [Note]   - '::' resolves to '::';
2019-12-08 23:52:08 3308 [Note] Server socket created on IP: '::'.
2019-12-08 23:52:10 3308 [Note] Event Scheduler: Loaded 0 events
2019-12-08 23:52:10 3308 [Note] F:\usbwebserver/mysql/bin/mysqld_usbwv8.exe: ready for connections.
Version: '5.6.34'  socket: ''  port: 3306  MySQL Community Server (GPL)
