2019-11-20 13:58:57 6696 [Note] Plugin 'FEDERATED' is disabled.
2019-11-20 13:58:57 6696 [Note] InnoDB: Using atomics to ref count buffer pool pages
2019-11-20 13:58:57 6696 [Note] InnoDB: The InnoDB memory heap is disabled
2019-11-20 13:58:57 6696 [Note] InnoDB: Mutexes and rw_locks use Windows interlocked functions
2019-11-20 13:58:57 6696 [Note] InnoDB: Memory barrier is not used
2019-11-20 13:58:57 6696 [Note] InnoDB: Compressed tables use zlib 1.2.3
2019-11-20 13:58:57 6696 [Note] InnoDB: Not using CPU crc32 instructions
2019-11-20 13:58:57 6696 [Note] InnoDB: Initializing buffer pool, size = 128.0M
2019-11-20 13:58:57 6696 [Note] InnoDB: Completed initialization of buffer pool
2019-11-20 13:58:57 6696 [Note] InnoDB: Highest supported file format is Barracuda.
2019-11-20 13:58:57 6696 [Note] InnoDB: The log sequence numbers 1626134 and 1626134 in ibdata files do not match the log sequence number 1788809 in the ib_logfiles!
2019-11-20 13:58:57 6696 [Note] InnoDB: Database was not shutdown normally!
2019-11-20 13:58:57 6696 [Note] InnoDB: Starting crash recovery.
2019-11-20 13:58:57 6696 [Note] InnoDB: Reading tablespace information from the .ibd files...
2019-11-20 13:58:57 6696 [Note] InnoDB: Restoring possible half-written data pages 
2019-11-20 13:58:57 6696 [Note] InnoDB: from the doublewrite buffer...
2019-11-20 13:58:58 6696 [Note] InnoDB: 128 rollback segment(s) are active.
2019-11-20 13:58:58 6696 [Note] InnoDB: Waiting for purge to start
2019-11-20 13:58:58 6696 [Note] InnoDB: 5.6.34 started; log sequence number 1788809
2019-11-20 13:58:58 6696 [Note] Server hostname (bind-address): '*'; port: 3306
2019-11-20 13:58:58 6696 [Note] IPv6 is available.
2019-11-20 13:58:58 6696 [Note]   - '::' resolves to '::';
2019-11-20 13:58:58 6696 [Note] Server socket created on IP: '::'.
2019-11-20 13:58:59 6696 [Note] Event Scheduler: Loaded 0 events
2019-11-20 13:58:59 6696 [Note] E:\usbwebserver/mysql/bin/mysqld_usbwv8.exe: ready for connections.
Version: '5.6.34'  socket: ''  port: 3306  MySQL Community Server (GPL)
2019-11-20 14:00:51 11656 [Note] Plugin 'FEDERATED' is disabled.
2019-11-20 14:00:51 11656 [Note] InnoDB: Using atomics to ref count buffer pool pages
2019-11-20 14:00:51 11656 [Note] InnoDB: The InnoDB memory heap is disabled
2019-11-20 14:00:51 11656 [Note] InnoDB: Mutexes and rw_locks use Windows interlocked functions
2019-11-20 14:00:51 11656 [Note] InnoDB: Memory barrier is not used
2019-11-20 14:00:51 11656 [Note] InnoDB: Compressed tables use zlib 1.2.3
2019-11-20 14:00:51 11656 [Note] InnoDB: Not using CPU crc32 instructions
2019-11-20 14:00:51 11656 [Note] InnoDB: Initializing buffer pool, size = 128.0M
2019-11-20 14:00:51 11656 [Note] InnoDB: Completed initialization of buffer pool
2019-11-20 14:00:51 11656 [Note] InnoDB: Highest supported file format is Barracuda.
2019-11-20 14:00:51 11656 [Note] InnoDB: The log sequence numbers 1626134 and 1626134 in ibdata files do not match the log sequence number 1788819 in the ib_logfiles!
2019-11-20 14:00:51 11656 [Note] InnoDB: Database was not shutdown normally!
2019-11-20 14:00:51 11656 [Note] InnoDB: Starting crash recovery.
2019-11-20 14:00:51 11656 [Note] InnoDB: Reading tablespace information from the .ibd files...
2019-11-20 14:00:52 11656 [Note] InnoDB: Restoring possible half-written data pages 
2019-11-20 14:00:52 11656 [Note] InnoDB: from the doublewrite buffer...
2019-11-20 14:00:52 11656 [Note] InnoDB: 128 rollback segment(s) are active.
2019-11-20 14:00:52 11656 [Note] InnoDB: Waiting for purge to start
2019-11-20 14:00:52 11656 [Note] InnoDB: 5.6.34 started; log sequence number 1788819
2019-11-20 14:00:52 11656 [Note] Server hostname (bind-address): '*'; port: 3306
2019-11-20 14:00:52 11656 [Note] IPv6 is available.
2019-11-20 14:00:52 11656 [Note]   - '::' resolves to '::';
2019-11-20 14:00:52 11656 [Note] Server socket created on IP: '::'.
2019-11-20 14:00:52 11656 [Note] Event Scheduler: Loaded 0 events
2019-11-20 14:00:52 11656 [Note] E:\usbwebserver/mysql/bin/mysqld_usbwv8.exe: ready for connections.
Version: '5.6.34'  socket: ''  port: 3306  MySQL Community Server (GPL)
